# JRE version: OpenJDK Runtime Environment Temurin-21.0.7+6 (21.0.7+6) (build 21.0.7+6-LTS)
# Java VM: OpenJDK 64-Bit Server VM Temurin-21.0.7+6 (21.0.7+6-LTS, mixed mode, sharing, tiered, compressed oops, compressed class ptrs, parallel gc, windows-amd64)
GC Precious Log:
 CardTable entry size: 512
 CPUs: 8 total, 8 available
 Memory: 3889M
 Large Page Support: Disabled
 NUMA Support: Disabled
 Compressed Oops: Enabled (32-bit)
 Alignments: Space 512K, Generation 512K, Heap 2M
 Heap Min Capacity: 100M
 Heap Initial Capacity: 100M
 Heap Max Capacity: 2G
 Pre-touch: Disabled
 Parallel Workers: 8
Heap:
 PSYoungGen      total 18944K, used 2533K [0x00000000d5580000, 0x00000000d6a80000, 0x0000000100000000)
  eden space 16384K, 0% used [0x00000000d5580000,0x00000000d5580000,0x00000000d6580000)
  from space 2560K, 98% used [0x00000000d6580000,0x00000000d67f9698,0x00000000d6800000)
  to   space 512K, 0% used [0x00000000d6980000,0x00000000d6980000,0x00000000d6a00000)
 ParOldGen       total 1001472K, used 328204K [0x0000000080000000, 0x00000000bd200000, 0x00000000d5580000)
  object space 1001472K, 32% used [0x0000000080000000,0x0000000094083370,0x00000000bd200000)
 Metaspace       used 82472K, committed 84032K, reserved 1179648K
  class space    used 8288K, committed 8960K, reserved 1048576K
GC Heap History (20 events):
Event: 4891.165 GC heap before
{Heap before GC invocations=2083 (full 4):
 PSYoungGen      total 13312K, used 13283K [0x00000000d5580000, 0x00000000d6400000, 0x0000000100000000)
  eden space 12800K, 100% used [0x00000000d5580000,0x00000000d6200000,0x00000000d6200000)
  from space 512K, 94% used [0x00000000d6300000,0x00000000d6378e28,0x00000000d6380000)
  to   space 1024K, 0% used [0x00000000d6200000,0x00000000d6200000,0x00000000d6300000)
 ParOldGen       total 1001472K, used 321810K [0x0000000080000000, 0x00000000bd200000, 0x00000000d5580000)
  object space 1001472K, 32% used [0x0000000080000000,0x0000000093a44988,0x00000000bd200000)
 Metaspace       used 82360K, committed 83840K, reserved 1179648K
  class space    used 8283K, committed 8960K, reserved 1048576K
}
Event: 4891.176 GC heap after
{Heap after GC invocations=2083 (full 4):
 PSYoungGen      total 13824K, used 416K [0x00000000d5580000, 0x00000000d6400000, 0x0000000100000000)
  eden space 12800K, 0% used [0x00000000d5580000,0x00000000d5580000,0x00000000d6200000)
  from space 1024K, 40% used [0x00000000d6200000,0x00000000d6268000,0x00000000d6300000)
  to   space 1024K, 0% used [0x00000000d6300000,0x00000000d6300000,0x00000000d6400000)
 ParOldGen       total 1001472K, used 322267K [0x0000000080000000, 0x00000000bd200000, 0x00000000d5580000)
  object space 1001472K, 32% used [0x0000000080000000,0x0000000093ab6d58,0x00000000bd200000)
 Metaspace       used 82360K, committed 83840K, reserved 1179648K
  class space    used 8283K, committed 8960K, reserved 1048576K
}
Event: 4891.206 GC heap before
{Heap before GC invocations=2084 (full 4):
 PSYoungGen      total 13824K, used 13216K [0x00000000d5580000, 0x00000000d6400000, 0x0000000100000000)
  eden space 12800K, 100% used [0x00000000d5580000,0x00000000d6200000,0x00000000d6200000)
  from space 1024K, 40% used [0x00000000d6200000,0x00000000d6268000,0x00000000d6300000)
  to   space 1024K, 0% used [0x00000000d6300000,0x00000000d6300000,0x00000000d6400000)
 ParOldGen       total 1001472K, used 322267K [0x0000000080000000, 0x00000000bd200000, 0x00000000d5580000)
  object space 1001472K, 32% used [0x0000000080000000,0x0000000093ab6d58,0x00000000bd200000)
 Metaspace       used 82360K, committed 83840K, reserved 1179648K
  class space    used 8283K, committed 8960K, reserved 1048576K
}
Event: 4891.211 GC heap after
{Heap after GC invocations=2084 (full 4):
 PSYoungGen      total 13824K, used 495K [0x00000000d5580000, 0x00000000d6400000, 0x0000000100000000)
  eden space 12800K, 0% used [0x00000000d5580000,0x00000000d5580000,0x00000000d6200000)
  from space 1024K, 48% used [0x00000000d6300000,0x00000000d637bfc0,0x00000000d6400000)
  to   space 1024K, 0% used [0x00000000d6200000,0x00000000d6200000,0x00000000d6300000)
 ParOldGen       total 1001472K, used 322563K [0x0000000080000000, 0x00000000bd200000, 0x00000000d5580000)
  object space 1001472K, 32% used [0x0000000080000000,0x0000000093b00d58,0x00000000bd200000)
 Metaspace       used 82360K, committed 83840K, reserved 1179648K
  class space    used 8283K, committed 8960K, reserved 1048576K
}
Event: 4891.286 GC heap before
{Heap before GC invocations=2085 (full 4):
 PSYoungGen      total 13824K, used 13295K [0x00000000d5580000, 0x00000000d6400000, 0x0000000100000000)
  eden space 12800K, 99% used [0x00000000d5580000,0x00000000d61ffff0,0x00000000d6200000)
  from space 1024K, 48% used [0x00000000d6300000,0x00000000d637bfc0,0x00000000d6400000)
  to   space 1024K, 0% used [0x00000000d6200000,0x00000000d6200000,0x00000000d6300000)
 ParOldGen       total 1001472K, used 322563K [0x0000000080000000, 0x00000000bd200000, 0x00000000d5580000)
  object space 1001472K, 32% used [0x0000000080000000,0x0000000093b00d58,0x00000000bd200000)
 Metaspace       used 82360K, committed 83840K, reserved 1179648K
  class space    used 8283K, committed 8960K, reserved 1048576K
}
Event: 4891.287 GC heap after
{Heap after GC invocations=2085 (full 4):
 PSYoungGen      total 13824K, used 336K [0x00000000d5580000, 0x00000000d6380000, 0x0000000100000000)
  eden space 12800K, 0% used [0x00000000d5580000,0x00000000d5580000,0x00000000d6200000)
  from space 1024K, 32% used [0x00000000d6200000,0x00000000d6254190,0x00000000d6300000)
  to   space 512K, 0% used [0x00000000d6300000,0x00000000d6300000,0x00000000d6380000)
 ParOldGen       total 1001472K, used 322731K [0x0000000080000000, 0x00000000bd200000, 0x00000000d5580000)
  object space 1001472K, 32% used [0x0000000080000000,0x0000000093b2ad58,0x00000000bd200000)
 Metaspace       used 82360K, committed 83840K, reserved 1179648K
  class space    used 8283K, committed 8960K, reserved 1048576K
}
Event: 4891.315 GC heap before
{Heap before GC invocations=2086 (full 4):
 PSYoungGen      total 13824K, used 13136K [0x00000000d5580000, 0x00000000d6380000, 0x0000000100000000)
  eden space 12800K, 100% used [0x00000000d5580000,0x00000000d6200000,0x00000000d6200000)
  from space 1024K, 32% used [0x00000000d6200000,0x00000000d6254190,0x00000000d6300000)
  to   space 512K, 0% used [0x00000000d6300000,0x00000000d6300000,0x00000000d6380000)
 ParOldGen       total 1001472K, used 322731K [0x0000000080000000, 0x00000000bd200000, 0x00000000d5580000)
  object space 1001472K, 32% used [0x0000000080000000,0x0000000093b2ad58,0x00000000bd200000)
 Metaspace       used 82360K, committed 83840K, reserved 1179648K
  class space    used 8283K, committed 8960K, reserved 1048576K
}
Event: 4891.317 GC heap after
{Heap after GC invocations=2086 (full 4):
 PSYoungGen      total 13312K, used 344K [0x00000000d5580000, 0x00000000d6380000, 0x0000000100000000)
  eden space 12800K, 0% used [0x00000000d5580000,0x00000000d5580000,0x00000000d6200000)
  from space 512K, 67% used [0x00000000d6300000,0x00000000d63560d8,0x00000000d6380000)
  to   space 512K, 0% used [0x00000000d6280000,0x00000000d6280000,0x00000000d6300000)
 ParOldGen       total 1001472K, used 322795K [0x0000000080000000, 0x00000000bd200000, 0x00000000d5580000)
  object space 1001472K, 32% used [0x0000000080000000,0x0000000093b3ad58,0x00000000bd200000)
 Metaspace       used 82360K, committed 83840K, reserved 1179648K
  class space    used 8283K, committed 8960K, reserved 1048576K
}
Event: 4891.498 GC heap before
{Heap before GC invocations=2087 (full 4):
 PSYoungGen      total 13312K, used 13144K [0x00000000d5580000, 0x00000000d6380000, 0x0000000100000000)
  eden space 12800K, 100% used [0x00000000d5580000,0x00000000d6200000,0x00000000d6200000)
  from space 512K, 67% used [0x00000000d6300000,0x00000000d63560d8,0x00000000d6380000)
  to   space 512K, 0% used [0x00000000d6280000,0x00000000d6280000,0x00000000d6300000)
 ParOldGen       total 1001472K, used 322795K [0x0000000080000000, 0x00000000bd200000, 0x00000000d5580000)
  object space 1001472K, 32% used [0x0000000080000000,0x0000000093b3ad58,0x00000000bd200000)
 Metaspace       used 82360K, committed 83840K, reserved 1179648K
  class space    used 8283K, committed 8960K, reserved 1048576K
}
Event: 4891.553 GC heap after
{Heap after GC invocations=2087 (full 4):
 PSYoungGen      total 13312K, used 328K [0x00000000d5580000, 0x00000000d6380000, 0x0000000100000000)
  eden space 12800K, 0% used [0x00000000d5580000,0x00000000d5580000,0x00000000d6200000)
  from space 512K, 64% used [0x00000000d6280000,0x00000000d62d2310,0x00000000d6300000)
  to   space 512K, 0% used [0x00000000d6300000,0x00000000d6300000,0x00000000d6380000)
 ParOldGen       total 1001472K, used 323296K [0x0000000080000000, 0x00000000bd200000, 0x00000000d5580000)
  object space 1001472K, 32% used [0x0000000080000000,0x0000000093bb8268,0x00000000bd200000)
 Metaspace       used 82360K, committed 83840K, reserved 1179648K
  class space    used 8283K, committed 8960K, reserved 1048576K
}
Event: 4891.563 GC heap before
{Heap before GC invocations=2088 (full 4):
 PSYoungGen      total 13312K, used 13128K [0x00000000d5580000, 0x00000000d6380000, 0x0000000100000000)
  eden space 12800K, 100% used [0x00000000d5580000,0x00000000d6200000,0x00000000d6200000)
  from space 512K, 64% used [0x00000000d6280000,0x00000000d62d2310,0x00000000d6300000)
  to   space 512K, 0% used [0x00000000d6300000,0x00000000d6300000,0x00000000d6380000)
 ParOldGen       total 1001472K, used 323296K [0x0000000080000000, 0x00000000bd200000, 0x00000000d5580000)
  object space 1001472K, 32% used [0x0000000080000000,0x0000000093bb8268,0x00000000bd200000)
 Metaspace       used 82360K, committed 83840K, reserved 1179648K
  class space    used 8283K, committed 8960K, reserved 1048576K
}
Event: 4891.580 GC heap after
{Heap after GC invocations=2088 (full 4):
 PSYoungGen      total 13824K, used 352K [0x00000000d5580000, 0x00000000d6580000, 0x0000000100000000)
  eden space 13312K, 0% used [0x00000000d5580000,0x00000000d5580000,0x00000000d6280000)
  from space 512K, 68% used [0x00000000d6300000,0x00000000d6358000,0x00000000d6380000)
  to   space 512K, 0% used [0x00000000d6280000,0x00000000d6280000,0x00000000d6300000)
 ParOldGen       total 1001472K, used 323473K [0x0000000080000000, 0x00000000bd200000, 0x00000000d5580000)
  object space 1001472K, 32% used [0x0000000080000000,0x0000000093be4578,0x00000000bd200000)
 Metaspace       used 82360K, committed 83840K, reserved 1179648K
  class space    used 8283K, committed 8960K, reserved 1048576K
}
Event: 4891.587 GC heap before
{Heap before GC invocations=2089 (full 4):
 PSYoungGen      total 13824K, used 13664K [0x00000000d5580000, 0x00000000d6580000, 0x0000000100000000)
  eden space 13312K, 100% used [0x00000000d5580000,0x00000000d6280000,0x00000000d6280000)
  from space 512K, 68% used [0x00000000d6300000,0x00000000d6358000,0x00000000d6380000)
  to   space 512K, 0% used [0x00000000d6280000,0x00000000d6280000,0x00000000d6300000)
 ParOldGen       total 1001472K, used 323473K [0x0000000080000000, 0x00000000bd200000, 0x00000000d5580000)
  object space 1001472K, 32% used [0x0000000080000000,0x0000000093be4578,0x00000000bd200000)
 Metaspace       used 82360K, committed 83840K, reserved 1179648K
  class space    used 8283K, committed 8960K, reserved 1048576K
}
Event: 4891.596 GC heap after
{Heap after GC invocations=2089 (full 4):
 PSYoungGen      total 13824K, used 352K [0x00000000d5580000, 0x00000000d6680000, 0x0000000100000000)
  eden space 13312K, 0% used [0x00000000d5580000,0x00000000d5580000,0x00000000d6280000)
  from space 512K, 68% used [0x00000000d6280000,0x00000000d62d8000,0x00000000d6300000)
  to   space 512K, 0% used [0x00000000d6600000,0x00000000d6600000,0x00000000d6680000)
 ParOldGen       total 1001472K, used 323737K [0x0000000080000000, 0x00000000bd200000, 0x00000000d5580000)
  object space 1001472K, 32% used [0x0000000080000000,0x0000000093c26578,0x00000000bd200000)
 Metaspace       used 82360K, committed 83840K, reserved 1179648K
  class space    used 8283K, committed 8960K, reserved 1048576K
}
Event: 4891.860 GC heap before
{Heap before GC invocations=2090 (full 4):
 PSYoungGen      total 13824K, used 13507K [0x00000000d5580000, 0x00000000d6680000, 0x0000000100000000)
  eden space 13312K, 98% used [0x00000000d5580000,0x00000000d6258fa8,0x00000000d6280000)
  from space 512K, 68% used [0x00000000d6280000,0x00000000d62d8000,0x00000000d6300000)
  to   space 512K, 0% used [0x00000000d6600000,0x00000000d6600000,0x00000000d6680000)
 ParOldGen       total 1001472K, used 323737K [0x0000000080000000, 0x00000000bd200000, 0x00000000d5580000)
  object space 1001472K, 32% used [0x0000000080000000,0x0000000093c26578,0x00000000bd200000)
 Metaspace       used 82360K, committed 83840K, reserved 1179648K
  class space    used 8283K, committed 8960K, reserved 1048576K
}
Event: 4891.870 GC heap after
{Heap after GC invocations=2090 (full 4):
 PSYoungGen      total 16896K, used 430K [0x00000000d5580000, 0x00000000d6680000, 0x0000000100000000)
  eden space 16384K, 0% used [0x00000000d5580000,0x00000000d5580000,0x00000000d6580000)
  from space 512K, 84% used [0x00000000d6600000,0x00000000d666bb00,0x00000000d6680000)
  to   space 512K, 0% used [0x00000000d6580000,0x00000000d6580000,0x00000000d6600000)
 ParOldGen       total 1001472K, used 323985K [0x0000000080000000, 0x00000000bd200000, 0x00000000d5580000)
  object space 1001472K, 32% used [0x0000000080000000,0x0000000093c64578,0x00000000bd200000)
 Metaspace       used 82360K, committed 83840K, reserved 1179648K
  class space    used 8283K, committed 8960K, reserved 1048576K
}
Event: 4894.406 GC heap before
{Heap before GC invocations=2091 (full 4):
 PSYoungGen      total 16896K, used 16811K [0x00000000d5580000, 0x00000000d6680000, 0x0000000100000000)
  eden space 16384K, 99% used [0x00000000d5580000,0x00000000d657f358,0x00000000d6580000)
  from space 512K, 84% used [0x00000000d6600000,0x00000000d666bb00,0x00000000d6680000)
  to   space 512K, 0% used [0x00000000d6580000,0x00000000d6580000,0x00000000d6600000)
 ParOldGen       total 1001472K, used 323985K [0x0000000080000000, 0x00000000bd200000, 0x00000000d5580000)
  object space 1001472K, 32% used [0x0000000080000000,0x0000000093c64578,0x00000000bd200000)
 Metaspace       used 82438K, committed 83968K, reserved 1179648K
  class space    used 8288K, committed 8960K, reserved 1048576K
}
Event: 4894.711 GC heap after
{Heap after GC invocations=2091 (full 4):
 PSYoungGen      total 16896K, used 480K [0x00000000d5580000, 0x00000000d6a00000, 0x0000000100000000)
  eden space 16384K, 0% used [0x00000000d5580000,0x00000000d5580000,0x00000000d6580000)
  from space 512K, 93% used [0x00000000d6580000,0x00000000d65f8000,0x00000000d6600000)
  to   space 512K, 0% used [0x00000000d6980000,0x00000000d6980000,0x00000000d6a00000)
 ParOldGen       total 1001472K, used 324185K [0x0000000080000000, 0x00000000bd200000, 0x00000000d5580000)
  object space 1001472K, 32% used [0x0000000080000000,0x0000000093c96578,0x00000000bd200000)
 Metaspace       used 82438K, committed 83968K, reserved 1179648K
  class space    used 8288K, committed 8960K, reserved 1048576K
}
Event: 4895.847 GC heap before
{Heap before GC invocations=2092 (full 4):
 PSYoungGen      total 16896K, used 16863K [0x00000000d5580000, 0x00000000d6a00000, 0x0000000100000000)
  eden space 16384K, 99% used [0x00000000d5580000,0x00000000d657ffd0,0x00000000d6580000)
  from space 512K, 93% used [0x00000000d6580000,0x00000000d65f8000,0x00000000d6600000)
  to   space 512K, 0% used [0x00000000d6980000,0x00000000d6980000,0x00000000d6a00000)
 ParOldGen       total 1001472K, used 324185K [0x0000000080000000, 0x00000000bd200000, 0x00000000d5580000)
  object space 1001472K, 32% used [0x0000000080000000,0x0000000093c96578,0x00000000bd200000)
 Metaspace       used 82462K, committed 84032K, reserved 1179648K
  class space    used 8288K, committed 8960K, reserved 1048576K
}
Event: 4895.859 GC heap after
{Heap after GC invocations=2092 (full 4):
 PSYoungGen      total 16896K, used 503K [0x00000000d5580000, 0x00000000d6a80000, 0x0000000100000000)
  eden space 16384K, 0% used [0x00000000d5580000,0x00000000d5580000,0x00000000d6580000)
  from space 512K, 98% used [0x00000000d6980000,0x00000000d69fdc30,0x00000000d6a00000)
  to   space 2560K, 0% used [0x00000000d6580000,0x00000000d6580000,0x00000000d6800000)
 ParOldGen       total 1001472K, used 325715K [0x0000000080000000, 0x00000000bd200000, 0x00000000d5580000)
  object space 1001472K, 32% used [0x0000000080000000,0x0000000093e14dd0,0x00000000bd200000)
 Metaspace       used 82462K, committed 84032K, reserved 1179648K
  class space    used 8288K, committed 8960K, reserved 1048576K
}

