# JRE version: OpenJDK Runtime Environment Temurin-21.0.7+6 (21.0.7+6) (build 21.0.7+6-LTS)
# Java VM: OpenJDK 64-Bit Server VM Temurin-21.0.7+6 (21.0.7+6-LTS, mixed mode, sharing, tiered, compressed oops, compressed class ptrs, parallel gc, windows-amd64)
GC Precious Log:
 CardTable entry size: 512
 CPUs: 8 total, 8 available
 Memory: 3889M
 Large Page Support: Disabled
 NUMA Support: Disabled
 Compressed Oops: Enabled (32-bit)
 Alignments: Space 512K, Generation 512K, Heap 2M
 Heap Min Capacity: 100M
 Heap Initial Capacity: 100M
 Heap Max Capacity: 2G
 Pre-touch: Disabled
 Parallel Workers: 8
Heap:
 PSYoungGen      total 4608K, used 4533K [0x00000000d5580000, 0x00000000d5b00000, 0x0000000100000000)
  eden space 4096K, 99% used [0x00000000d5580000,0x00000000d597d538,0x00000000d5980000)
  from space 512K, 87% used [0x00000000d5a80000,0x00000000d5af0000,0x00000000d5b00000)
  to   space 512K, 100% used [0x00000000d5a00000,0x00000000d5a80000,0x00000000d5a80000)
 ParOldGen       total 620544K, used 620543K [0x0000000080000000, 0x00000000a5e00000, 0x00000000d5580000)
  object space 620544K, 99% used [0x0000000080000000,0x00000000a5dffe50,0x00000000a5e00000)
 Metaspace       used 66260K, committed 67712K, reserved 1114112K
  class space    used 6730K, committed 7424K, reserved 1048576K
GC Heap History (20 events):
Event: 31.187 GC heap before
{Heap before GC invocations=915 (full 3):
 PSYoungGen      total 5120K, used 4736K [0x00000000d5580000, 0x00000000d5b80000, 0x0000000100000000)
  eden space 4096K, 100% used [0x00000000d5580000,0x00000000d5980000,0x00000000d5980000)
  from space 1024K, 62% used [0x00000000d5980000,0x00000000d5a20000,0x00000000d5a80000)
  to   space 1024K, 0% used [0x00000000d5a80000,0x00000000d5a80000,0x00000000d5b80000)
 ParOldGen       total 616448K, used 616335K [0x0000000080000000, 0x00000000a5a00000, 0x00000000d5580000)
  object space 616448K, 99% used [0x0000000080000000,0x00000000a59e3e60,0x00000000a5a00000)
 Metaspace       used 66225K, committed 67648K, reserved 1114112K
  class space    used 6728K, committed 7360K, reserved 1048576K
}
Event: 31.189 GC heap after
{Heap after GC invocations=915 (full 3):
 PSYoungGen      total 5120K, used 672K [0x00000000d5580000, 0x00000000d5b80000, 0x0000000100000000)
  eden space 4096K, 0% used [0x00000000d5580000,0x00000000d5580000,0x00000000d5980000)
  from space 1024K, 65% used [0x00000000d5a80000,0x00000000d5b28010,0x00000000d5b80000)
  to   space 1024K, 0% used [0x00000000d5980000,0x00000000d5980000,0x00000000d5a80000)
 ParOldGen       total 616960K, used 616855K [0x0000000080000000, 0x00000000a5a80000, 0x00000000d5580000)
  object space 616960K, 99% used [0x0000000080000000,0x00000000a5a65e60,0x00000000a5a80000)
 Metaspace       used 66225K, committed 67648K, reserved 1114112K
  class space    used 6728K, committed 7360K, reserved 1048576K
}
Event: 31.252 GC heap before
{Heap before GC invocations=916 (full 3):
 PSYoungGen      total 5120K, used 4768K [0x00000000d5580000, 0x00000000d5b80000, 0x0000000100000000)
  eden space 4096K, 100% used [0x00000000d5580000,0x00000000d5980000,0x00000000d5980000)
  from space 1024K, 65% used [0x00000000d5a80000,0x00000000d5b28010,0x00000000d5b80000)
  to   space 1024K, 0% used [0x00000000d5980000,0x00000000d5980000,0x00000000d5a80000)
 ParOldGen       total 616960K, used 616855K [0x0000000080000000, 0x00000000a5a80000, 0x00000000d5580000)
  object space 616960K, 99% used [0x0000000080000000,0x00000000a5a65e60,0x00000000a5a80000)
 Metaspace       used 66242K, committed 67648K, reserved 1114112K
  class space    used 6728K, committed 7360K, reserved 1048576K
}
Event: 31.255 GC heap after
{Heap after GC invocations=916 (full 3):
 PSYoungGen      total 5120K, used 640K [0x00000000d5580000, 0x00000000d5b80000, 0x0000000100000000)
  eden space 4096K, 0% used [0x00000000d5580000,0x00000000d5580000,0x00000000d5980000)
  from space 1024K, 62% used [0x00000000d5980000,0x00000000d5a20010,0x00000000d5a80000)
  to   space 1024K, 0% used [0x00000000d5a80000,0x00000000d5a80000,0x00000000d5b80000)
 ParOldGen       total 617472K, used 617359K [0x0000000080000000, 0x00000000a5b00000, 0x00000000d5580000)
  object space 617472K, 99% used [0x0000000080000000,0x00000000a5ae3e60,0x00000000a5b00000)
 Metaspace       used 66242K, committed 67648K, reserved 1114112K
  class space    used 6728K, committed 7360K, reserved 1048576K
}
Event: 31.292 GC heap before
{Heap before GC invocations=917 (full 3):
 PSYoungGen      total 5120K, used 4735K [0x00000000d5580000, 0x00000000d5b80000, 0x0000000100000000)
  eden space 4096K, 99% used [0x00000000d5580000,0x00000000d597ffd8,0x00000000d5980000)
  from space 1024K, 62% used [0x00000000d5980000,0x00000000d5a20010,0x00000000d5a80000)
  to   space 1024K, 0% used [0x00000000d5a80000,0x00000000d5a80000,0x00000000d5b80000)
 ParOldGen       total 617472K, used 617359K [0x0000000080000000, 0x00000000a5b00000, 0x00000000d5580000)
  object space 617472K, 99% used [0x0000000080000000,0x00000000a5ae3e60,0x00000000a5b00000)
 Metaspace       used 66248K, committed 67648K, reserved 1114112K
  class space    used 6729K, committed 7360K, reserved 1048576K
}
Event: 31.296 GC heap after
{Heap after GC invocations=917 (full 3):
 PSYoungGen      total 4608K, used 256K [0x00000000d5580000, 0x00000000d5b00000, 0x0000000100000000)
  eden space 4096K, 0% used [0x00000000d5580000,0x00000000d5580000,0x00000000d5980000)
  from space 512K, 50% used [0x00000000d5a80000,0x00000000d5ac0000,0x00000000d5b00000)
  to   space 512K, 0% used [0x00000000d5a00000,0x00000000d5a00000,0x00000000d5a80000)
 ParOldGen       total 617984K, used 617839K [0x0000000080000000, 0x00000000a5b80000, 0x00000000d5580000)
  object space 617984K, 99% used [0x0000000080000000,0x00000000a5b5be70,0x00000000a5b80000)
 Metaspace       used 66248K, committed 67648K, reserved 1114112K
  class space    used 6729K, committed 7360K, reserved 1048576K
}
Event: 31.345 GC heap before
{Heap before GC invocations=918 (full 3):
 PSYoungGen      total 4608K, used 4352K [0x00000000d5580000, 0x00000000d5b00000, 0x0000000100000000)
  eden space 4096K, 100% used [0x00000000d5580000,0x00000000d5980000,0x00000000d5980000)
  from space 512K, 50% used [0x00000000d5a80000,0x00000000d5ac0000,0x00000000d5b00000)
  to   space 512K, 0% used [0x00000000d5a00000,0x00000000d5a00000,0x00000000d5a80000)
 ParOldGen       total 617984K, used 617839K [0x0000000080000000, 0x00000000a5b80000, 0x00000000d5580000)
  object space 617984K, 99% used [0x0000000080000000,0x00000000a5b5be70,0x00000000a5b80000)
 Metaspace       used 66257K, committed 67712K, reserved 1114112K
  class space    used 6730K, committed 7424K, reserved 1048576K
}
Event: 31.349 GC heap after
{Heap after GC invocations=918 (full 3):
 PSYoungGen      total 4608K, used 507K [0x00000000d5580000, 0x00000000d5b80000, 0x0000000100000000)
  eden space 4096K, 0% used [0x00000000d5580000,0x00000000d5580000,0x00000000d5980000)
  from space 512K, 99% used [0x00000000d5a00000,0x00000000d5a7ec08,0x00000000d5a80000)
  to   space 1024K, 0% used [0x00000000d5a80000,0x00000000d5a80000,0x00000000d5b80000)
 ParOldGen       total 618496K, used 618007K [0x0000000080000000, 0x00000000a5c00000, 0x00000000d5580000)
  object space 618496K, 99% used [0x0000000080000000,0x00000000a5b85e80,0x00000000a5c00000)
 Metaspace       used 66257K, committed 67712K, reserved 1114112K
  class space    used 6730K, committed 7424K, reserved 1048576K
}
Event: 31.391 GC heap before
{Heap before GC invocations=919 (full 3):
 PSYoungGen      total 4608K, used 4603K [0x00000000d5580000, 0x00000000d5b80000, 0x0000000100000000)
  eden space 4096K, 100% used [0x00000000d5580000,0x00000000d5980000,0x00000000d5980000)
  from space 512K, 99% used [0x00000000d5a00000,0x00000000d5a7ec08,0x00000000d5a80000)
  to   space 1024K, 0% used [0x00000000d5a80000,0x00000000d5a80000,0x00000000d5b80000)
 ParOldGen       total 618496K, used 618007K [0x0000000080000000, 0x00000000a5c00000, 0x00000000d5580000)
  object space 618496K, 99% used [0x0000000080000000,0x00000000a5b85e80,0x00000000a5c00000)
 Metaspace       used 66257K, committed 67712K, reserved 1114112K
  class space    used 6730K, committed 7424K, reserved 1048576K
}
Event: 31.397 GC heap after
{Heap after GC invocations=919 (full 3):
 PSYoungGen      total 4608K, used 383K [0x00000000d5580000, 0x00000000d5b00000, 0x0000000100000000)
  eden space 4096K, 0% used [0x00000000d5580000,0x00000000d5580000,0x00000000d5980000)
  from space 512K, 74% used [0x00000000d5a80000,0x00000000d5adfdd0,0x00000000d5b00000)
  to   space 512K, 0% used [0x00000000d5a00000,0x00000000d5a00000,0x00000000d5a80000)
 ParOldGen       total 618496K, used 618159K [0x0000000080000000, 0x00000000a5c00000, 0x00000000d5580000)
  object space 618496K, 99% used [0x0000000080000000,0x00000000a5babe80,0x00000000a5c00000)
 Metaspace       used 66257K, committed 67712K, reserved 1114112K
  class space    used 6730K, committed 7424K, reserved 1048576K
}
Event: 31.416 GC heap before
{Heap before GC invocations=920 (full 3):
 PSYoungGen      total 4608K, used 4471K [0x00000000d5580000, 0x00000000d5b00000, 0x0000000100000000)
  eden space 4096K, 99% used [0x00000000d5580000,0x00000000d597e0d8,0x00000000d5980000)
  from space 512K, 74% used [0x00000000d5a80000,0x00000000d5adfdd0,0x00000000d5b00000)
  to   space 512K, 0% used [0x00000000d5a00000,0x00000000d5a00000,0x00000000d5a80000)
 ParOldGen       total 618496K, used 618159K [0x0000000080000000, 0x00000000a5c00000, 0x00000000d5580000)
  object space 618496K, 99% used [0x0000000080000000,0x00000000a5babe80,0x00000000a5c00000)
 Metaspace       used 66259K, committed 67712K, reserved 1114112K
  class space    used 6730K, committed 7424K, reserved 1048576K
}
Event: 31.419 GC heap after
{Heap after GC invocations=920 (full 3):
 PSYoungGen      total 4608K, used 507K [0x00000000d5580000, 0x00000000d5b80000, 0x0000000100000000)
  eden space 4096K, 0% used [0x00000000d5580000,0x00000000d5580000,0x00000000d5980000)
  from space 512K, 99% used [0x00000000d5a00000,0x00000000d5a7ec08,0x00000000d5a80000)
  to   space 1024K, 0% used [0x00000000d5a80000,0x00000000d5a80000,0x00000000d5b80000)
 ParOldGen       total 618496K, used 618479K [0x0000000080000000, 0x00000000a5c00000, 0x00000000d5580000)
  object space 618496K, 99% used [0x0000000080000000,0x00000000a5bfbc50,0x00000000a5c00000)
 Metaspace       used 66259K, committed 67712K, reserved 1114112K
  class space    used 6730K, committed 7424K, reserved 1048576K
}
Event: 31.444 GC heap before
{Heap before GC invocations=921 (full 3):
 PSYoungGen      total 4608K, used 4603K [0x00000000d5580000, 0x00000000d5b80000, 0x0000000100000000)
  eden space 4096K, 100% used [0x00000000d5580000,0x00000000d5980000,0x00000000d5980000)
  from space 512K, 99% used [0x00000000d5a00000,0x00000000d5a7ec08,0x00000000d5a80000)
  to   space 1024K, 0% used [0x00000000d5a80000,0x00000000d5a80000,0x00000000d5b80000)
 ParOldGen       total 618496K, used 618479K [0x0000000080000000, 0x00000000a5c00000, 0x00000000d5580000)
  object space 618496K, 99% used [0x0000000080000000,0x00000000a5bfbc50,0x00000000a5c00000)
 Metaspace       used 66259K, committed 67712K, reserved 1114112K
  class space    used 6730K, committed 7424K, reserved 1048576K
}
Event: 31.446 GC heap after
{Heap after GC invocations=921 (full 3):
 PSYoungGen      total 5120K, used 566K [0x00000000d5580000, 0x00000000d5b80000, 0x0000000100000000)
  eden space 4096K, 0% used [0x00000000d5580000,0x00000000d5580000,0x00000000d5980000)
  from space 1024K, 55% used [0x00000000d5a80000,0x00000000d5b0d808,0x00000000d5b80000)
  to   space 1024K, 0% used [0x00000000d5980000,0x00000000d5980000,0x00000000d5a80000)
 ParOldGen       total 619008K, used 618879K [0x0000000080000000, 0x00000000a5c80000, 0x00000000d5580000)
  object space 619008K, 99% used [0x0000000080000000,0x00000000a5c5fc50,0x00000000a5c80000)
 Metaspace       used 66259K, committed 67712K, reserved 1114112K
  class space    used 6730K, committed 7424K, reserved 1048576K
}
Event: 31.463 GC heap before
{Heap before GC invocations=922 (full 3):
 PSYoungGen      total 5120K, used 4662K [0x00000000d5580000, 0x00000000d5b80000, 0x0000000100000000)
  eden space 4096K, 100% used [0x00000000d5580000,0x00000000d5980000,0x00000000d5980000)
  from space 1024K, 55% used [0x00000000d5a80000,0x00000000d5b0d808,0x00000000d5b80000)
  to   space 1024K, 0% used [0x00000000d5980000,0x00000000d5980000,0x00000000d5a80000)
 ParOldGen       total 619008K, used 618879K [0x0000000080000000, 0x00000000a5c80000, 0x00000000d5580000)
  object space 619008K, 99% used [0x0000000080000000,0x00000000a5c5fc50,0x00000000a5c80000)
 Metaspace       used 66259K, committed 67712K, reserved 1114112K
  class space    used 6730K, committed 7424K, reserved 1048576K
}
Event: 31.465 GC heap after
{Heap after GC invocations=922 (full 3):
 PSYoungGen      total 5120K, used 480K [0x00000000d5580000, 0x00000000d5b80000, 0x0000000100000000)
  eden space 4096K, 0% used [0x00000000d5580000,0x00000000d5580000,0x00000000d5980000)
  from space 1024K, 46% used [0x00000000d5980000,0x00000000d59f8000,0x00000000d5a80000)
  to   space 1024K, 0% used [0x00000000d5a80000,0x00000000d5a80000,0x00000000d5b80000)
 ParOldGen       total 619520K, used 619373K [0x0000000080000000, 0x00000000a5d00000, 0x00000000d5580000)
  object space 619520K, 99% used [0x0000000080000000,0x00000000a5cdb458,0x00000000a5d00000)
 Metaspace       used 66259K, committed 67712K, reserved 1114112K
  class space    used 6730K, committed 7424K, reserved 1048576K
}
Event: 31.483 GC heap before
{Heap before GC invocations=923 (full 3):
 PSYoungGen      total 5120K, used 4576K [0x00000000d5580000, 0x00000000d5b80000, 0x0000000100000000)
  eden space 4096K, 100% used [0x00000000d5580000,0x00000000d5980000,0x00000000d5980000)
  from space 1024K, 46% used [0x00000000d5980000,0x00000000d59f8000,0x00000000d5a80000)
  to   space 1024K, 0% used [0x00000000d5a80000,0x00000000d5a80000,0x00000000d5b80000)
 ParOldGen       total 619520K, used 619373K [0x0000000080000000, 0x00000000a5d00000, 0x00000000d5580000)
  object space 619520K, 99% used [0x0000000080000000,0x00000000a5cdb458,0x00000000a5d00000)
 Metaspace       used 66259K, committed 67712K, reserved 1114112K
  class space    used 6730K, committed 7424K, reserved 1048576K
}
Event: 31.487 GC heap after
{Heap after GC invocations=923 (full 3):
 PSYoungGen      total 5120K, used 672K [0x00000000d5580000, 0x00000000d5b80000, 0x0000000100000000)
  eden space 4096K, 0% used [0x00000000d5580000,0x00000000d5580000,0x00000000d5980000)
  from space 1024K, 65% used [0x00000000d5a80000,0x00000000d5b28000,0x00000000d5b80000)
  to   space 1024K, 0% used [0x00000000d5980000,0x00000000d5980000,0x00000000d5a80000)
 ParOldGen       total 620032K, used 619757K [0x0000000080000000, 0x00000000a5d80000, 0x00000000d5580000)
  object space 620032K, 99% used [0x0000000080000000,0x00000000a5d3b458,0x00000000a5d80000)
 Metaspace       used 66259K, committed 67712K, reserved 1114112K
  class space    used 6730K, committed 7424K, reserved 1048576K
}
Event: 31.533 GC heap before
{Heap before GC invocations=924 (full 3):
 PSYoungGen      total 5120K, used 4768K [0x00000000d5580000, 0x00000000d5b80000, 0x0000000100000000)
  eden space 4096K, 100% used [0x00000000d5580000,0x00000000d5980000,0x00000000d5980000)
  from space 1024K, 65% used [0x00000000d5a80000,0x00000000d5b28000,0x00000000d5b80000)
  to   space 1024K, 0% used [0x00000000d5980000,0x00000000d5980000,0x00000000d5a80000)
 ParOldGen       total 620032K, used 619757K [0x0000000080000000, 0x00000000a5d80000, 0x00000000d5580000)
  object space 620032K, 99% used [0x0000000080000000,0x00000000a5d3b458,0x00000000a5d80000)
 Metaspace       used 66260K, committed 67712K, reserved 1114112K
  class space    used 6730K, committed 7424K, reserved 1048576K
}
Event: 31.534 GC heap after
{Heap after GC invocations=924 (full 3):
 PSYoungGen      total 5120K, used 320K [0x00000000d5580000, 0x00000000d5b00000, 0x0000000100000000)
  eden space 4096K, 0% used [0x00000000d5580000,0x00000000d5580000,0x00000000d5980000)
  from space 1024K, 31% used [0x00000000d5980000,0x00000000d59d0000,0x00000000d5a80000)
  to   space 512K, 0% used [0x00000000d5a80000,0x00000000d5a80000,0x00000000d5b00000)
 ParOldGen       total 620544K, used 620141K [0x0000000080000000, 0x00000000a5e00000, 0x00000000d5580000)
  object space 620544K, 99% used [0x0000000080000000,0x00000000a5d9b458,0x00000000a5e00000)
 Metaspace       used 66260K, committed 67712K, reserved 1114112K
  class space    used 6730K, committed 7424K, reserved 1048576K
}

