# JRE version: OpenJDK Runtime Environment Temurin-21.0.7+6 (21.0.7+6) (build 21.0.7+6-LTS)
# Java VM: OpenJDK 64-Bit Server VM Temurin-21.0.7+6 (21.0.7+6-LTS, mixed mode, sharing, tiered, compressed oops, compressed class ptrs, parallel gc, windows-amd64)
GC Precious Log:
 CardTable entry size: 512
 CPUs: 8 total, 8 available
 Memory: 3889M
 Large Page Support: Disabled
 NUMA Support: Disabled
 Compressed Oops: Enabled (32-bit)
 Alignments: Space 512K, Generation 512K, Heap 2M
 Heap Min Capacity: 100M
 Heap Initial Capacity: 100M
 Heap Max Capacity: 2G
 Pre-touch: Disabled
 Parallel Workers: 8
Heap:
 PSYoungGen      total 18944K, used 16001K [0x00000000d5580000, 0x00000000d7680000, 0x0000000100000000)
  eden space 17408K, 83% used [0x00000000d5580000,0x00000000d63a0bf8,0x00000000d6680000)
  from space 1536K, 99% used [0x00000000d6800000,0x00000000d697f820,0x00000000d6980000)
  to   space 8192K, 0% used [0x00000000d6e80000,0x00000000d6e80000,0x00000000d7680000)
 ParOldGen       total 825856K, used 825420K [0x0000000080000000, 0x00000000b2680000, 0x00000000d5580000)
  object space 825856K, 99% used [0x0000000080000000,0x00000000b26132a8,0x00000000b2680000)
 Metaspace       used 70395K, committed 72064K, reserved 1114112K
  class space    used 7199K, committed 7936K, reserved 1048576K
GC Heap History (20 events):
Event: 29.448 GC heap before
{Heap before GC invocations=1179 (full 3):
 PSYoungGen      total 23040K, used 22542K [0x00000000d5580000, 0x00000000d6e00000, 0x0000000100000000)
  eden space 22016K, 100% used [0x00000000d5580000,0x00000000d6b00000,0x00000000d6b00000)
  from space 1024K, 51% used [0x00000000d6c00000,0x00000000d6c83b00,0x00000000d6d00000)
  to   space 1024K, 0% used [0x00000000d6d00000,0x00000000d6d00000,0x00000000d6e00000)
 ParOldGen       total 804864K, used 804355K [0x0000000080000000, 0x00000000b1200000, 0x00000000d5580000)
  object space 804864K, 99% used [0x0000000080000000,0x00000000b1180fa8,0x00000000b1200000)
 Metaspace       used 67274K, committed 68992K, reserved 1114112K
  class space    used 6891K, committed 7680K, reserved 1048576K
}
Event: 29.452 GC heap after
{Heap after GC invocations=1179 (full 3):
 PSYoungGen      total 22528K, used 448K [0x00000000d5580000, 0x00000000d6d80000, 0x0000000100000000)
  eden space 22016K, 0% used [0x00000000d5580000,0x00000000d5580000,0x00000000d6b00000)
  from space 512K, 87% used [0x00000000d6d00000,0x00000000d6d70000,0x00000000d6d80000)
  to   space 512K, 0% used [0x00000000d6c80000,0x00000000d6c80000,0x00000000d6d00000)
 ParOldGen       total 804864K, used 804692K [0x0000000080000000, 0x00000000b1200000, 0x00000000d5580000)
  object space 804864K, 99% used [0x0000000080000000,0x00000000b11d53a8,0x00000000b1200000)
 Metaspace       used 67274K, committed 68992K, reserved 1114112K
  class space    used 6891K, committed 7680K, reserved 1048576K
}
Event: 29.475 GC heap before
{Heap before GC invocations=1180 (full 3):
 PSYoungGen      total 22528K, used 22464K [0x00000000d5580000, 0x00000000d6d80000, 0x0000000100000000)
  eden space 22016K, 100% used [0x00000000d5580000,0x00000000d6b00000,0x00000000d6b00000)
  from space 512K, 87% used [0x00000000d6d00000,0x00000000d6d70000,0x00000000d6d80000)
  to   space 512K, 0% used [0x00000000d6c80000,0x00000000d6c80000,0x00000000d6d00000)
 ParOldGen       total 804864K, used 804692K [0x0000000080000000, 0x00000000b1200000, 0x00000000d5580000)
  object space 804864K, 99% used [0x0000000080000000,0x00000000b11d53a8,0x00000000b1200000)
 Metaspace       used 67277K, committed 68992K, reserved 1114112K
  class space    used 6891K, committed 7680K, reserved 1048576K
}
Event: 29.480 GC heap after
{Heap after GC invocations=1180 (full 3):
 PSYoungGen      total 22528K, used 416K [0x00000000d5580000, 0x00000000d6d80000, 0x0000000100000000)
  eden space 22016K, 0% used [0x00000000d5580000,0x00000000d5580000,0x00000000d6b00000)
  from space 512K, 81% used [0x00000000d6c80000,0x00000000d6ce8000,0x00000000d6d00000)
  to   space 512K, 0% used [0x00000000d6d00000,0x00000000d6d00000,0x00000000d6d80000)
 ParOldGen       total 805376K, used 804892K [0x0000000080000000, 0x00000000b1280000, 0x00000000d5580000)
  object space 805376K, 99% used [0x0000000080000000,0x00000000b12073a8,0x00000000b1280000)
 Metaspace       used 67277K, committed 68992K, reserved 1114112K
  class space    used 6891K, committed 7680K, reserved 1048576K
}
Event: 29.504 GC heap before
{Heap before GC invocations=1181 (full 3):
 PSYoungGen      total 22528K, used 22431K [0x00000000d5580000, 0x00000000d6d80000, 0x0000000100000000)
  eden space 22016K, 99% used [0x00000000d5580000,0x00000000d6affff0,0x00000000d6b00000)
  from space 512K, 81% used [0x00000000d6c80000,0x00000000d6ce8000,0x00000000d6d00000)
  to   space 512K, 0% used [0x00000000d6d00000,0x00000000d6d00000,0x00000000d6d80000)
 ParOldGen       total 805376K, used 804892K [0x0000000080000000, 0x00000000b1280000, 0x00000000d5580000)
  object space 805376K, 99% used [0x0000000080000000,0x00000000b12073a8,0x00000000b1280000)
 Metaspace       used 67277K, committed 68992K, reserved 1114112K
  class space    used 6891K, committed 7680K, reserved 1048576K
}
Event: 30.508 GC heap after
{Heap after GC invocations=1181 (full 3):
 PSYoungGen      total 21504K, used 512K [0x00000000d5580000, 0x00000000d7580000, 0x0000000100000000)
  eden space 20992K, 0% used [0x00000000d5580000,0x00000000d5580000,0x00000000d6a00000)
  from space 512K, 100% used [0x00000000d6d00000,0x00000000d6d80000,0x00000000d6d80000)
  to   space 3072K, 0% used [0x00000000d6a00000,0x00000000d6a00000,0x00000000d6d00000)
 ParOldGen       total 807424K, used 806676K [0x0000000080000000, 0x00000000b1480000, 0x00000000d5580000)
  object space 807424K, 99% used [0x0000000080000000,0x00000000b13c53a8,0x00000000b1480000)
 Metaspace       used 67277K, committed 68992K, reserved 1114112K
  class space    used 6891K, committed 7680K, reserved 1048576K
}
Event: 30.584 GC heap before
{Heap before GC invocations=1182 (full 3):
 PSYoungGen      total 21504K, used 19889K [0x00000000d5580000, 0x00000000d7580000, 0x0000000100000000)
  eden space 20992K, 92% used [0x00000000d5580000,0x00000000d686c4d8,0x00000000d6a00000)
  from space 512K, 100% used [0x00000000d6d00000,0x00000000d6d80000,0x00000000d6d80000)
  to   space 3072K, 0% used [0x00000000d6a00000,0x00000000d6a00000,0x00000000d6d00000)
 ParOldGen       total 807424K, used 806676K [0x0000000080000000, 0x00000000b1480000, 0x00000000d5580000)
  object space 807424K, 99% used [0x0000000080000000,0x00000000b13c53a8,0x00000000b1480000)
 Metaspace       used 67689K, committed 69312K, reserved 1114112K
  class space    used 6950K, committed 7680K, reserved 1048576K
}
Event: 30.587 GC heap after
{Heap after GC invocations=1182 (full 3):
 PSYoungGen      total 24064K, used 448K [0x00000000d5580000, 0x00000000d7180000, 0x0000000100000000)
  eden space 20992K, 0% used [0x00000000d5580000,0x00000000d5580000,0x00000000d6a00000)
  from space 3072K, 14% used [0x00000000d6a00000,0x00000000d6a70000,0x00000000d6d00000)
  to   space 1536K, 0% used [0x00000000d7000000,0x00000000d7000000,0x00000000d7180000)
 ParOldGen       total 807424K, used 806964K [0x0000000080000000, 0x00000000b1480000, 0x00000000d5580000)
  object space 807424K, 99% used [0x0000000080000000,0x00000000b140d3a8,0x00000000b1480000)
 Metaspace       used 67689K, committed 69312K, reserved 1114112K
  class space    used 6950K, committed 7680K, reserved 1048576K
}
Event: 30.715 GC heap before
{Heap before GC invocations=1183 (full 3):
 PSYoungGen      total 24064K, used 21440K [0x00000000d5580000, 0x00000000d7180000, 0x0000000100000000)
  eden space 20992K, 100% used [0x00000000d5580000,0x00000000d6a00000,0x00000000d6a00000)
  from space 3072K, 14% used [0x00000000d6a00000,0x00000000d6a70000,0x00000000d6d00000)
  to   space 1536K, 0% used [0x00000000d7000000,0x00000000d7000000,0x00000000d7180000)
 ParOldGen       total 807424K, used 806964K [0x0000000080000000, 0x00000000b1480000, 0x00000000d5580000)
  object space 807424K, 99% used [0x0000000080000000,0x00000000b140d3a8,0x00000000b1480000)
 Metaspace       used 67977K, committed 69632K, reserved 1114112K
  class space    used 7005K, committed 7744K, reserved 1048576K
}
Event: 31.731 GC heap after
{Heap after GC invocations=1183 (full 3):
 PSYoungGen      total 18944K, used 1520K [0x00000000d5580000, 0x00000000d8180000, 0x0000000100000000)
  eden space 17408K, 0% used [0x00000000d5580000,0x00000000d5580000,0x00000000d6680000)
  from space 1536K, 98% used [0x00000000d7000000,0x00000000d717c020,0x00000000d7180000)
  to   space 9728K, 0% used [0x00000000d6680000,0x00000000d6680000,0x00000000d7000000)
 ParOldGen       total 813568K, used 813475K [0x0000000080000000, 0x00000000b1a80000, 0x00000000d5580000)
  object space 813568K, 99% used [0x0000000080000000,0x00000000b1a68ce8,0x00000000b1a80000)
 Metaspace       used 67977K, committed 69632K, reserved 1114112K
  class space    used 7005K, committed 7744K, reserved 1048576K
}
Event: 31.822 GC heap before
{Heap before GC invocations=1184 (full 3):
 PSYoungGen      total 18944K, used 18928K [0x00000000d5580000, 0x00000000d8180000, 0x0000000100000000)
  eden space 17408K, 100% used [0x00000000d5580000,0x00000000d6680000,0x00000000d6680000)
  from space 1536K, 98% used [0x00000000d7000000,0x00000000d717c020,0x00000000d7180000)
  to   space 9728K, 0% used [0x00000000d6680000,0x00000000d6680000,0x00000000d7000000)
 ParOldGen       total 813568K, used 813475K [0x0000000080000000, 0x00000000b1a80000, 0x00000000d5580000)
  object space 813568K, 99% used [0x0000000080000000,0x00000000b1a68ce8,0x00000000b1a80000)
 Metaspace       used 68138K, committed 69760K, reserved 1114112K
  class space    used 7013K, committed 7744K, reserved 1048576K
}
Event: 31.828 GC heap after
{Heap after GC invocations=1184 (full 3):
 PSYoungGen      total 20992K, used 3232K [0x00000000d5580000, 0x00000000d7080000, 0x0000000100000000)
  eden space 17408K, 0% used [0x00000000d5580000,0x00000000d5580000,0x00000000d6680000)
  from space 3584K, 90% used [0x00000000d6680000,0x00000000d69a8040,0x00000000d6a00000)
  to   space 5120K, 0% used [0x00000000d6b80000,0x00000000d6b80000,0x00000000d7080000)
 ParOldGen       total 815104K, used 814937K [0x0000000080000000, 0x00000000b1c00000, 0x00000000d5580000)
  object space 815104K, 99% used [0x0000000080000000,0x00000000b1bd6478,0x00000000b1c00000)
 Metaspace       used 68138K, committed 69760K, reserved 1114112K
  class space    used 7013K, committed 7744K, reserved 1048576K
}
Event: 31.901 GC heap before
{Heap before GC invocations=1185 (full 3):
 PSYoungGen      total 20992K, used 20640K [0x00000000d5580000, 0x00000000d7080000, 0x0000000100000000)
  eden space 17408K, 100% used [0x00000000d5580000,0x00000000d6680000,0x00000000d6680000)
  from space 3584K, 90% used [0x00000000d6680000,0x00000000d69a8040,0x00000000d6a00000)
  to   space 5120K, 0% used [0x00000000d6b80000,0x00000000d6b80000,0x00000000d7080000)
 ParOldGen       total 815104K, used 814937K [0x0000000080000000, 0x00000000b1c00000, 0x00000000d5580000)
  object space 815104K, 99% used [0x0000000080000000,0x00000000b1bd6478,0x00000000b1c00000)
 Metaspace       used 68210K, committed 69824K, reserved 1114112K
  class space    used 7017K, committed 7744K, reserved 1048576K
}
Event: 31.907 GC heap after
{Heap after GC invocations=1185 (full 3):
 PSYoungGen      total 18944K, used 1120K [0x00000000d5580000, 0x00000000d6d00000, 0x0000000100000000)
  eden space 17408K, 0% used [0x00000000d5580000,0x00000000d5580000,0x00000000d6680000)
  from space 1536K, 72% used [0x00000000d6b80000,0x00000000d6c98000,0x00000000d6d00000)
  to   space 2560K, 0% used [0x00000000d6800000,0x00000000d6800000,0x00000000d6a80000)
 ParOldGen       total 817664K, used 817481K [0x0000000080000000, 0x00000000b1e80000, 0x00000000d5580000)
  object space 817664K, 99% used [0x0000000080000000,0x00000000b1e524f8,0x00000000b1e80000)
 Metaspace       used 68210K, committed 69824K, reserved 1114112K
  class space    used 7017K, committed 7744K, reserved 1048576K
}
Event: 32.024 GC heap before
{Heap before GC invocations=1186 (full 3):
 PSYoungGen      total 18944K, used 18528K [0x00000000d5580000, 0x00000000d6d00000, 0x0000000100000000)
  eden space 17408K, 100% used [0x00000000d5580000,0x00000000d6680000,0x00000000d6680000)
  from space 1536K, 72% used [0x00000000d6b80000,0x00000000d6c98000,0x00000000d6d00000)
  to   space 2560K, 0% used [0x00000000d6800000,0x00000000d6800000,0x00000000d6a80000)
 ParOldGen       total 817664K, used 817481K [0x0000000080000000, 0x00000000b1e80000, 0x00000000d5580000)
  object space 817664K, 99% used [0x0000000080000000,0x00000000b1e524f8,0x00000000b1e80000)
 Metaspace       used 68364K, committed 69952K, reserved 1114112K
  class space    used 7019K, committed 7744K, reserved 1048576K
}
Event: 32.030 GC heap after
{Heap after GC invocations=1186 (full 3):
 PSYoungGen      total 19456K, used 1728K [0x00000000d5580000, 0x00000000d6c00000, 0x0000000100000000)
  eden space 17408K, 0% used [0x00000000d5580000,0x00000000d5580000,0x00000000d6680000)
  from space 2048K, 84% used [0x00000000d6800000,0x00000000d69b0040,0x00000000d6a00000)
  to   space 2048K, 0% used [0x00000000d6a00000,0x00000000d6a00000,0x00000000d6c00000)
 ParOldGen       total 818688K, used 818446K [0x0000000080000000, 0x00000000b1f80000, 0x00000000d5580000)
  object space 818688K, 99% used [0x0000000080000000,0x00000000b1f43988,0x00000000b1f80000)
 Metaspace       used 68364K, committed 69952K, reserved 1114112K
  class space    used 7019K, committed 7744K, reserved 1048576K
}
Event: 32.204 GC heap before
{Heap before GC invocations=1187 (full 3):
 PSYoungGen      total 19456K, used 19136K [0x00000000d5580000, 0x00000000d6c00000, 0x0000000100000000)
  eden space 17408K, 99% used [0x00000000d5580000,0x00000000d667ffe8,0x00000000d6680000)
  from space 2048K, 84% used [0x00000000d6800000,0x00000000d69b0040,0x00000000d6a00000)
  to   space 2048K, 0% used [0x00000000d6a00000,0x00000000d6a00000,0x00000000d6c00000)
 ParOldGen       total 818688K, used 818446K [0x0000000080000000, 0x00000000b1f80000, 0x00000000d5580000)
  object space 818688K, 99% used [0x0000000080000000,0x00000000b1f43988,0x00000000b1f80000)
 Metaspace       used 69102K, committed 70720K, reserved 1114112K
  class space    used 7072K, committed 7808K, reserved 1048576K
}
Event: 32.208 GC heap after
{Heap after GC invocations=1187 (full 3):
 PSYoungGen      total 18432K, used 832K [0x00000000d5580000, 0x00000000d6b00000, 0x0000000100000000)
  eden space 17408K, 0% used [0x00000000d5580000,0x00000000d5580000,0x00000000d6680000)
  from space 1024K, 81% used [0x00000000d6a00000,0x00000000d6ad0000,0x00000000d6b00000)
  to   space 1536K, 0% used [0x00000000d6800000,0x00000000d6800000,0x00000000d6980000)
 ParOldGen       total 820224K, used 819923K [0x0000000080000000, 0x00000000b2100000, 0x00000000d5580000)
  object space 820224K, 99% used [0x0000000080000000,0x00000000b20b4c58,0x00000000b2100000)
 Metaspace       used 69102K, committed 70720K, reserved 1114112K
  class space    used 7072K, committed 7808K, reserved 1048576K
}
Event: 32.303 GC heap before
{Heap before GC invocations=1188 (full 3):
 PSYoungGen      total 18432K, used 18084K [0x00000000d5580000, 0x00000000d6b00000, 0x0000000100000000)
  eden space 17408K, 99% used [0x00000000d5580000,0x00000000d66590a8,0x00000000d6680000)
  from space 1024K, 81% used [0x00000000d6a00000,0x00000000d6ad0000,0x00000000d6b00000)
  to   space 1536K, 0% used [0x00000000d6800000,0x00000000d6800000,0x00000000d6980000)
 ParOldGen       total 820224K, used 819923K [0x0000000080000000, 0x00000000b2100000, 0x00000000d5580000)
  object space 820224K, 99% used [0x0000000080000000,0x00000000b20b4c58,0x00000000b2100000)
 Metaspace       used 69616K, committed 71232K, reserved 1114112K
  class space    used 7120K, committed 7872K, reserved 1048576K
}
Event: 32.311 GC heap after
{Heap after GC invocations=1188 (full 3):
 PSYoungGen      total 18944K, used 1534K [0x00000000d5580000, 0x00000000d7680000, 0x0000000100000000)
  eden space 17408K, 0% used [0x00000000d5580000,0x00000000d5580000,0x00000000d6680000)
  from space 1536K, 99% used [0x00000000d6800000,0x00000000d697f820,0x00000000d6980000)
  to   space 8192K, 0% used [0x00000000d6e80000,0x00000000d6e80000,0x00000000d7680000)
 ParOldGen       total 825856K, used 825420K [0x0000000080000000, 0x00000000b2680000, 0x00000000d5580000)
  object space 825856K, 99% used [0x0000000080000000,0x00000000b26132a8,0x00000000b2680000)
 Metaspace       used 69616K, committed 71232K, reserved 1114112K
  class space    used 7120K, committed 7872K, reserved 1048576K
}

