# JRE version: OpenJDK Runtime Environment Temurin-21.0.7+6 (21.0.7+6) (build 21.0.7+6-LTS)
# Java VM: OpenJDK 64-Bit Server VM Temurin-21.0.7+6 (21.0.7+6-LTS, mixed mode, sharing, tiered, compressed oops, compressed class ptrs, parallel gc, windows-amd64)
GC Precious Log:
 CardTable entry size: 512
 CPUs: 8 total, 8 available
 Memory: 3889M
 Large Page Support: Disabled
 NUMA Support: Disabled
 Compressed Oops: Enabled (32-bit)
 Alignments: Space 512K, Generation 512K, Heap 2M
 Heap Min Capacity: 100M
 Heap Initial Capacity: 100M
 Heap Max Capacity: 2G
 Pre-touch: Disabled
 Parallel Workers: 8
Heap:
 PSYoungGen      total 4096K, used 3206K [0x00000000d5580000, 0x00000000d5c80000, 0x0000000100000000)
  eden space 3584K, 75% used [0x00000000d5580000,0x00000000d58218f0,0x00000000d5900000)
  from space 512K, 100% used [0x00000000d5a80000,0x00000000d5b00000,0x00000000d5b00000)
  to   space 1536K, 0% used [0x00000000d5900000,0x00000000d5900000,0x00000000d5a80000)
 ParOldGen       total 783872K, used 290060K [0x0000000080000000, 0x00000000afd80000, 0x00000000d5580000)
  object space 783872K, 37% used [0x0000000080000000,0x0000000091b430b0,0x00000000afd80000)
 Metaspace       used 74685K, committed 76352K, reserved 1179648K
  class space    used 7392K, committed 8192K, reserved 1048576K
GC Heap History (20 events):
Event: 255.072 GC heap before
{Heap before GC invocations=1327 (full 4):
 PSYoungGen      total 5120K, used 4608K [0x00000000d5580000, 0x00000000d5c80000, 0x0000000100000000)
  eden space 4096K, 100% used [0x00000000d5580000,0x00000000d5980000,0x00000000d5980000)
  from space 1024K, 50% used [0x00000000d5b80000,0x00000000d5c00020,0x00000000d5c80000)
  to   space 1024K, 0% used [0x00000000d5a80000,0x00000000d5a80000,0x00000000d5b80000)
 ParOldGen       total 783872K, used 285788K [0x0000000080000000, 0x00000000afd80000, 0x00000000d5580000)
  object space 783872K, 36% used [0x0000000080000000,0x00000000917173c0,0x00000000afd80000)
 Metaspace       used 74668K, committed 76352K, reserved 1179648K
  class space    used 7392K, committed 8192K, reserved 1048576K
}
Event: 255.074 GC heap after
{Heap after GC invocations=1327 (full 4):
 PSYoungGen      total 5120K, used 340K [0x00000000d5580000, 0x00000000d5c00000, 0x0000000100000000)
  eden space 4096K, 0% used [0x00000000d5580000,0x00000000d5580000,0x00000000d5980000)
  from space 1024K, 33% used [0x00000000d5a80000,0x00000000d5ad5200,0x00000000d5b80000)
  to   space 512K, 0% used [0x00000000d5b80000,0x00000000d5b80000,0x00000000d5c00000)
 ParOldGen       total 783872K, used 285874K [0x0000000080000000, 0x00000000afd80000, 0x00000000d5580000)
  object space 783872K, 36% used [0x0000000080000000,0x000000009172c9e8,0x00000000afd80000)
 Metaspace       used 74668K, committed 76352K, reserved 1179648K
  class space    used 7392K, committed 8192K, reserved 1048576K
}
Event: 255.081 GC heap before
{Heap before GC invocations=1328 (full 4):
 PSYoungGen      total 5120K, used 4436K [0x00000000d5580000, 0x00000000d5c00000, 0x0000000100000000)
  eden space 4096K, 100% used [0x00000000d5580000,0x00000000d5980000,0x00000000d5980000)
  from space 1024K, 33% used [0x00000000d5a80000,0x00000000d5ad5200,0x00000000d5b80000)
  to   space 512K, 0% used [0x00000000d5b80000,0x00000000d5b80000,0x00000000d5c00000)
 ParOldGen       total 783872K, used 285874K [0x0000000080000000, 0x00000000afd80000, 0x00000000d5580000)
  object space 783872K, 36% used [0x0000000080000000,0x000000009172c9e8,0x00000000afd80000)
 Metaspace       used 74668K, committed 76352K, reserved 1179648K
  class space    used 7392K, committed 8192K, reserved 1048576K
}
Event: 255.084 GC heap after
{Heap after GC invocations=1328 (full 4):
 PSYoungGen      total 4608K, used 496K [0x00000000d5580000, 0x00000000d5c00000, 0x0000000100000000)
  eden space 4096K, 0% used [0x00000000d5580000,0x00000000d5580000,0x00000000d5980000)
  from space 512K, 96% used [0x00000000d5b80000,0x00000000d5bfc020,0x00000000d5c00000)
  to   space 1024K, 0% used [0x00000000d5a00000,0x00000000d5a00000,0x00000000d5b00000)
 ParOldGen       total 783872K, used 286156K [0x0000000080000000, 0x00000000afd80000, 0x00000000d5580000)
  object space 783872K, 36% used [0x0000000080000000,0x00000000917730c8,0x00000000afd80000)
 Metaspace       used 74668K, committed 76352K, reserved 1179648K
  class space    used 7392K, committed 8192K, reserved 1048576K
}
Event: 255.093 GC heap before
{Heap before GC invocations=1329 (full 4):
 PSYoungGen      total 4608K, used 4592K [0x00000000d5580000, 0x00000000d5c00000, 0x0000000100000000)
  eden space 4096K, 100% used [0x00000000d5580000,0x00000000d5980000,0x00000000d5980000)
  from space 512K, 96% used [0x00000000d5b80000,0x00000000d5bfc020,0x00000000d5c00000)
  to   space 1024K, 0% used [0x00000000d5a00000,0x00000000d5a00000,0x00000000d5b00000)
 ParOldGen       total 783872K, used 286156K [0x0000000080000000, 0x00000000afd80000, 0x00000000d5580000)
  object space 783872K, 36% used [0x0000000080000000,0x00000000917730c8,0x00000000afd80000)
 Metaspace       used 74668K, committed 76352K, reserved 1179648K
  class space    used 7392K, committed 8192K, reserved 1048576K
}
Event: 255.096 GC heap after
{Heap after GC invocations=1329 (full 4):
 PSYoungGen      total 5120K, used 544K [0x00000000d5580000, 0x00000000d5c00000, 0x0000000100000000)
  eden space 4096K, 0% used [0x00000000d5580000,0x00000000d5580000,0x00000000d5980000)
  from space 1024K, 53% used [0x00000000d5a00000,0x00000000d5a88000,0x00000000d5b00000)
  to   space 1024K, 0% used [0x00000000d5b00000,0x00000000d5b00000,0x00000000d5c00000)
 ParOldGen       total 783872K, used 286576K [0x0000000080000000, 0x00000000afd80000, 0x00000000d5580000)
  object space 783872K, 36% used [0x0000000080000000,0x00000000917dc0f8,0x00000000afd80000)
 Metaspace       used 74668K, committed 76352K, reserved 1179648K
  class space    used 7392K, committed 8192K, reserved 1048576K
}
Event: 255.106 GC heap before
{Heap before GC invocations=1330 (full 4):
 PSYoungGen      total 5120K, used 4640K [0x00000000d5580000, 0x00000000d5c00000, 0x0000000100000000)
  eden space 4096K, 100% used [0x00000000d5580000,0x00000000d5980000,0x00000000d5980000)
  from space 1024K, 53% used [0x00000000d5a00000,0x00000000d5a88000,0x00000000d5b00000)
  to   space 1024K, 0% used [0x00000000d5b00000,0x00000000d5b00000,0x00000000d5c00000)
 ParOldGen       total 783872K, used 286576K [0x0000000080000000, 0x00000000afd80000, 0x00000000d5580000)
  object space 783872K, 36% used [0x0000000080000000,0x00000000917dc0f8,0x00000000afd80000)
 Metaspace       used 74669K, committed 76352K, reserved 1179648K
  class space    used 7392K, committed 8192K, reserved 1048576K
}
Event: 255.110 GC heap after
{Heap after GC invocations=1330 (full 4):
 PSYoungGen      total 4608K, used 1024K [0x00000000d5580000, 0x00000000d5d80000, 0x0000000100000000)
  eden space 3584K, 0% used [0x00000000d5580000,0x00000000d5580000,0x00000000d5900000)
  from space 1024K, 100% used [0x00000000d5b00000,0x00000000d5c00000,0x00000000d5c00000)
  to   space 2048K, 0% used [0x00000000d5900000,0x00000000d5900000,0x00000000d5b00000)
 ParOldGen       total 783872K, used 287024K [0x0000000080000000, 0x00000000afd80000, 0x00000000d5580000)
  object space 783872K, 36% used [0x0000000080000000,0x000000009184c0f8,0x00000000afd80000)
 Metaspace       used 74669K, committed 76352K, reserved 1179648K
  class space    used 7392K, committed 8192K, reserved 1048576K
}
Event: 255.254 GC heap before
{Heap before GC invocations=1331 (full 4):
 PSYoungGen      total 4608K, used 4608K [0x00000000d5580000, 0x00000000d5d80000, 0x0000000100000000)
  eden space 3584K, 100% used [0x00000000d5580000,0x00000000d5900000,0x00000000d5900000)
  from space 1024K, 100% used [0x00000000d5b00000,0x00000000d5c00000,0x00000000d5c00000)
  to   space 2048K, 0% used [0x00000000d5900000,0x00000000d5900000,0x00000000d5b00000)
 ParOldGen       total 783872K, used 287024K [0x0000000080000000, 0x00000000afd80000, 0x00000000d5580000)
  object space 783872K, 36% used [0x0000000080000000,0x000000009184c0f8,0x00000000afd80000)
 Metaspace       used 74676K, committed 76352K, reserved 1179648K
  class space    used 7392K, committed 8192K, reserved 1048576K
}
Event: 255.259 GC heap after
{Heap after GC invocations=1331 (full 4):
 PSYoungGen      total 4608K, used 608K [0x00000000d5580000, 0x00000000d5b80000, 0x0000000100000000)
  eden space 3584K, 0% used [0x00000000d5580000,0x00000000d5580000,0x00000000d5900000)
  from space 1024K, 59% used [0x00000000d5900000,0x00000000d5998010,0x00000000d5a00000)
  to   space 1024K, 0% used [0x00000000d5a80000,0x00000000d5a80000,0x00000000d5b80000)
 ParOldGen       total 783872K, used 288020K [0x0000000080000000, 0x00000000afd80000, 0x00000000d5580000)
  object space 783872K, 36% used [0x0000000080000000,0x0000000091945008,0x00000000afd80000)
 Metaspace       used 74676K, committed 76352K, reserved 1179648K
  class space    used 7392K, committed 8192K, reserved 1048576K
}
Event: 255.264 GC heap before
{Heap before GC invocations=1332 (full 4):
 PSYoungGen      total 4608K, used 4192K [0x00000000d5580000, 0x00000000d5b80000, 0x0000000100000000)
  eden space 3584K, 100% used [0x00000000d5580000,0x00000000d5900000,0x00000000d5900000)
  from space 1024K, 59% used [0x00000000d5900000,0x00000000d5998010,0x00000000d5a00000)
  to   space 1024K, 0% used [0x00000000d5a80000,0x00000000d5a80000,0x00000000d5b80000)
 ParOldGen       total 783872K, used 288020K [0x0000000080000000, 0x00000000afd80000, 0x00000000d5580000)
  object space 783872K, 36% used [0x0000000080000000,0x0000000091945008,0x00000000afd80000)
 Metaspace       used 74676K, committed 76352K, reserved 1179648K
  class space    used 7392K, committed 8192K, reserved 1048576K
}
Event: 255.266 GC heap after
{Heap after GC invocations=1332 (full 4):
 PSYoungGen      total 5120K, used 448K [0x00000000d5580000, 0x00000000d5c00000, 0x0000000100000000)
  eden space 4096K, 0% used [0x00000000d5580000,0x00000000d5580000,0x00000000d5980000)
  from space 1024K, 43% used [0x00000000d5a80000,0x00000000d5af0020,0x00000000d5b80000)
  to   space 1024K, 0% used [0x00000000d5980000,0x00000000d5980000,0x00000000d5a80000)
 ParOldGen       total 783872K, used 288510K [0x0000000080000000, 0x00000000afd80000, 0x00000000d5580000)
  object space 783872K, 36% used [0x0000000080000000,0x00000000919bfab0,0x00000000afd80000)
 Metaspace       used 74676K, committed 76352K, reserved 1179648K
  class space    used 7392K, committed 8192K, reserved 1048576K
}
Event: 255.555 GC heap before
{Heap before GC invocations=1333 (full 4):
 PSYoungGen      total 5120K, used 4544K [0x00000000d5580000, 0x00000000d5c00000, 0x0000000100000000)
  eden space 4096K, 100% used [0x00000000d5580000,0x00000000d5980000,0x00000000d5980000)
  from space 1024K, 43% used [0x00000000d5a80000,0x00000000d5af0020,0x00000000d5b80000)
  to   space 1024K, 0% used [0x00000000d5980000,0x00000000d5980000,0x00000000d5a80000)
 ParOldGen       total 783872K, used 288510K [0x0000000080000000, 0x00000000afd80000, 0x00000000d5580000)
  object space 783872K, 36% used [0x0000000080000000,0x00000000919bfab0,0x00000000afd80000)
 Metaspace       used 74677K, committed 76352K, reserved 1179648K
  class space    used 7392K, committed 8192K, reserved 1048576K
}
Event: 255.557 GC heap after
{Heap after GC invocations=1333 (full 4):
 PSYoungGen      total 5120K, used 480K [0x00000000d5580000, 0x00000000d5b00000, 0x0000000100000000)
  eden space 4096K, 0% used [0x00000000d5580000,0x00000000d5580000,0x00000000d5980000)
  from space 1024K, 46% used [0x00000000d5980000,0x00000000d59f8000,0x00000000d5a80000)
  to   space 512K, 0% used [0x00000000d5a80000,0x00000000d5a80000,0x00000000d5b00000)
 ParOldGen       total 783872K, used 288798K [0x0000000080000000, 0x00000000afd80000, 0x00000000d5580000)
  object space 783872K, 36% used [0x0000000080000000,0x0000000091a07ad0,0x00000000afd80000)
 Metaspace       used 74677K, committed 76352K, reserved 1179648K
  class space    used 7392K, committed 8192K, reserved 1048576K
}
Event: 255.830 GC heap before
{Heap before GC invocations=1334 (full 4):
 PSYoungGen      total 5120K, used 4576K [0x00000000d5580000, 0x00000000d5b00000, 0x0000000100000000)
  eden space 4096K, 100% used [0x00000000d5580000,0x00000000d5980000,0x00000000d5980000)
  from space 1024K, 46% used [0x00000000d5980000,0x00000000d59f8000,0x00000000d5a80000)
  to   space 512K, 0% used [0x00000000d5a80000,0x00000000d5a80000,0x00000000d5b00000)
 ParOldGen       total 783872K, used 288798K [0x0000000080000000, 0x00000000afd80000, 0x00000000d5580000)
  object space 783872K, 36% used [0x0000000080000000,0x0000000091a07ad0,0x00000000afd80000)
 Metaspace       used 74677K, committed 76352K, reserved 1179648K
  class space    used 7392K, committed 8192K, reserved 1048576K
}
Event: 255.832 GC heap after
{Heap after GC invocations=1334 (full 4):
 PSYoungGen      total 4608K, used 436K [0x00000000d5580000, 0x00000000d5b00000, 0x0000000100000000)
  eden space 4096K, 0% used [0x00000000d5580000,0x00000000d5580000,0x00000000d5980000)
  from space 512K, 85% used [0x00000000d5a80000,0x00000000d5aed200,0x00000000d5b00000)
  to   space 512K, 0% used [0x00000000d5a00000,0x00000000d5a00000,0x00000000d5a80000)
 ParOldGen       total 783872K, used 289179K [0x0000000080000000, 0x00000000afd80000, 0x00000000d5580000)
  object space 783872K, 36% used [0x0000000080000000,0x0000000091a66ec0,0x00000000afd80000)
 Metaspace       used 74677K, committed 76352K, reserved 1179648K
  class space    used 7392K, committed 8192K, reserved 1048576K
}
Event: 255.839 GC heap before
{Heap before GC invocations=1335 (full 4):
 PSYoungGen      total 4608K, used 4532K [0x00000000d5580000, 0x00000000d5b00000, 0x0000000100000000)
  eden space 4096K, 100% used [0x00000000d5580000,0x00000000d5980000,0x00000000d5980000)
  from space 512K, 85% used [0x00000000d5a80000,0x00000000d5aed200,0x00000000d5b00000)
  to   space 512K, 0% used [0x00000000d5a00000,0x00000000d5a00000,0x00000000d5a80000)
 ParOldGen       total 783872K, used 289179K [0x0000000080000000, 0x00000000afd80000, 0x00000000d5580000)
  object space 783872K, 36% used [0x0000000080000000,0x0000000091a66ec0,0x00000000afd80000)
 Metaspace       used 74677K, committed 76352K, reserved 1179648K
  class space    used 7392K, committed 8192K, reserved 1048576K
}
Event: 255.842 GC heap after
{Heap after GC invocations=1335 (full 4):
 PSYoungGen      total 4608K, used 448K [0x00000000d5580000, 0x00000000d5b00000, 0x0000000100000000)
  eden space 4096K, 0% used [0x00000000d5580000,0x00000000d5580000,0x00000000d5980000)
  from space 512K, 87% used [0x00000000d5a00000,0x00000000d5a70020,0x00000000d5a80000)
  to   space 512K, 0% used [0x00000000d5a80000,0x00000000d5a80000,0x00000000d5b00000)
 ParOldGen       total 783872K, used 289580K [0x0000000080000000, 0x00000000afd80000, 0x00000000d5580000)
  object space 783872K, 36% used [0x0000000080000000,0x0000000091acb090,0x00000000afd80000)
 Metaspace       used 74677K, committed 76352K, reserved 1179648K
  class space    used 7392K, committed 8192K, reserved 1048576K
}
Event: 255.848 GC heap before
{Heap before GC invocations=1336 (full 4):
 PSYoungGen      total 4608K, used 4544K [0x00000000d5580000, 0x00000000d5b00000, 0x0000000100000000)
  eden space 4096K, 100% used [0x00000000d5580000,0x00000000d5980000,0x00000000d5980000)
  from space 512K, 87% used [0x00000000d5a00000,0x00000000d5a70020,0x00000000d5a80000)
  to   space 512K, 0% used [0x00000000d5a80000,0x00000000d5a80000,0x00000000d5b00000)
 ParOldGen       total 783872K, used 289580K [0x0000000080000000, 0x00000000afd80000, 0x00000000d5580000)
  object space 783872K, 36% used [0x0000000080000000,0x0000000091acb090,0x00000000afd80000)
 Metaspace       used 74677K, committed 76352K, reserved 1179648K
  class space    used 7392K, committed 8192K, reserved 1048576K
}
Event: 255.851 GC heap after
{Heap after GC invocations=1336 (full 4):
 PSYoungGen      total 4096K, used 512K [0x00000000d5580000, 0x00000000d5c80000, 0x0000000100000000)
  eden space 3584K, 0% used [0x00000000d5580000,0x00000000d5580000,0x00000000d5900000)
  from space 512K, 100% used [0x00000000d5a80000,0x00000000d5b00000,0x00000000d5b00000)
  to   space 1536K, 0% used [0x00000000d5900000,0x00000000d5900000,0x00000000d5a80000)
 ParOldGen       total 783872K, used 290060K [0x0000000080000000, 0x00000000afd80000, 0x00000000d5580000)
  object space 783872K, 37% used [0x0000000080000000,0x0000000091b430b0,0x00000000afd80000)
 Metaspace       used 74677K, committed 76352K, reserved 1179648K
  class space    used 7392K, committed 8192K, reserved 1048576K
}

