# JRE version: OpenJDK Runtime Environment Temurin-21.0.7+6 (21.0.7+6) (build 21.0.7+6-LTS)
# Java VM: OpenJDK 64-Bit Server VM Temurin-21.0.7+6 (21.0.7+6-LTS, mixed mode, sharing, tiered, compressed oops, compressed class ptrs, parallel gc, windows-amd64)
GC Precious Log:
 CardTable entry size: 512
 CPUs: 8 total, 8 available
 Memory: 3889M
 Large Page Support: Disabled
 NUMA Support: Disabled
 Compressed Oops: Enabled (32-bit)
 Alignments: Space 512K, Generation 512K, Heap 2M
 Heap Min Capacity: 100M
 Heap Initial Capacity: 100M
 Heap Max Capacity: 2G
 Pre-touch: Disabled
 Parallel Workers: 8
Heap:
 PSYoungGen      total 1536K, used 1247K [0x00000000d5580000, 0x00000000d5880000, 0x0000000100000000)
  eden space 1024K, 99% used [0x00000000d5580000,0x00000000d567fff0,0x00000000d5680000)
  from space 512K, 43% used [0x00000000d5780000,0x00000000d57b8000,0x00000000d5800000)
  to   space 512K, 95% used [0x00000000d5800000,0x00000000d5879b28,0x00000000d5880000)
 ParOldGen       total 794112K, used 794109K [0x0000000080000000, 0x00000000b0780000, 0x00000000d5580000)
  object space 794112K, 99% used [0x0000000080000000,0x00000000b077f4f0,0x00000000b0780000)
 Metaspace       used 66476K, committed 68096K, reserved 1114112K
  class space    used 6738K, committed 7424K, reserved 1048576K
GC Heap History (20 events):
Event: 51.904 GC heap before
{Heap before GC invocations=1558 (full 3):
 PSYoungGen      total 1536K, used 1408K [0x00000000d5580000, 0x00000000d5800000, 0x0000000100000000)
  eden space 1024K, 100% used [0x00000000d5580000,0x00000000d5680000,0x00000000d5680000)
  from space 512K, 75% used [0x00000000d5780000,0x00000000d57e0000,0x00000000d5800000)
  to   space 512K, 0% used [0x00000000d5700000,0x00000000d5700000,0x00000000d5780000)
 ParOldGen       total 789504K, used 789005K [0x0000000080000000, 0x00000000b0300000, 0x00000000d5580000)
  object space 789504K, 99% used [0x0000000080000000,0x00000000b02837e0,0x00000000b0300000)
 Metaspace       used 66391K, committed 68032K, reserved 1114112K
  class space    used 6723K, committed 7424K, reserved 1048576K
}
Event: 51.906 GC heap after
{Heap after GC invocations=1558 (full 3):
 PSYoungGen      total 1536K, used 416K [0x00000000d5580000, 0x00000000d5800000, 0x0000000100000000)
  eden space 1024K, 0% used [0x00000000d5580000,0x00000000d5580000,0x00000000d5680000)
  from space 512K, 81% used [0x00000000d5700000,0x00000000d5768000,0x00000000d5780000)
  to   space 512K, 0% used [0x00000000d5780000,0x00000000d5780000,0x00000000d5800000)
 ParOldGen       total 789504K, used 789310K [0x0000000080000000, 0x00000000b0300000, 0x00000000d5580000)
  object space 789504K, 99% used [0x0000000080000000,0x00000000b02cfbf0,0x00000000b0300000)
 Metaspace       used 66391K, committed 68032K, reserved 1114112K
  class space    used 6723K, committed 7424K, reserved 1048576K
}
Event: 51.909 GC heap before
{Heap before GC invocations=1559 (full 3):
 PSYoungGen      total 1536K, used 1440K [0x00000000d5580000, 0x00000000d5800000, 0x0000000100000000)
  eden space 1024K, 100% used [0x00000000d5580000,0x00000000d5680000,0x00000000d5680000)
  from space 512K, 81% used [0x00000000d5700000,0x00000000d5768000,0x00000000d5780000)
  to   space 512K, 0% used [0x00000000d5780000,0x00000000d5780000,0x00000000d5800000)
 ParOldGen       total 789504K, used 789310K [0x0000000080000000, 0x00000000b0300000, 0x00000000d5580000)
  object space 789504K, 99% used [0x0000000080000000,0x00000000b02cfbf0,0x00000000b0300000)
 Metaspace       used 66391K, committed 68032K, reserved 1114112K
  class space    used 6723K, committed 7424K, reserved 1048576K
}
Event: 51.911 GC heap after
{Heap after GC invocations=1559 (full 3):
 PSYoungGen      total 1536K, used 480K [0x00000000d5580000, 0x00000000d5800000, 0x0000000100000000)
  eden space 1024K, 0% used [0x00000000d5580000,0x00000000d5580000,0x00000000d5680000)
  from space 512K, 93% used [0x00000000d5780000,0x00000000d57f8000,0x00000000d5800000)
  to   space 512K, 0% used [0x00000000d5700000,0x00000000d5700000,0x00000000d5780000)
 ParOldGen       total 790016K, used 789619K [0x0000000080000000, 0x00000000b0380000, 0x00000000d5580000)
  object space 790016K, 99% used [0x0000000080000000,0x00000000b031cc68,0x00000000b0380000)
 Metaspace       used 66391K, committed 68032K, reserved 1114112K
  class space    used 6723K, committed 7424K, reserved 1048576K
}
Event: 51.941 GC heap before
{Heap before GC invocations=1560 (full 3):
 PSYoungGen      total 1536K, used 1504K [0x00000000d5580000, 0x00000000d5800000, 0x0000000100000000)
  eden space 1024K, 100% used [0x00000000d5580000,0x00000000d5680000,0x00000000d5680000)
  from space 512K, 93% used [0x00000000d5780000,0x00000000d57f8000,0x00000000d5800000)
  to   space 512K, 0% used [0x00000000d5700000,0x00000000d5700000,0x00000000d5780000)
 ParOldGen       total 790016K, used 789619K [0x0000000080000000, 0x00000000b0380000, 0x00000000d5580000)
  object space 790016K, 99% used [0x0000000080000000,0x00000000b031cc68,0x00000000b0380000)
 Metaspace       used 66391K, committed 68032K, reserved 1114112K
  class space    used 6723K, committed 7424K, reserved 1048576K
}
Event: 51.944 GC heap after
{Heap after GC invocations=1560 (full 3):
 PSYoungGen      total 1536K, used 489K [0x00000000d5580000, 0x00000000d5980000, 0x0000000100000000)
  eden space 1024K, 0% used [0x00000000d5580000,0x00000000d5580000,0x00000000d5680000)
  from space 512K, 95% used [0x00000000d5700000,0x00000000d577a4c0,0x00000000d5780000)
  to   space 1536K, 0% used [0x00000000d5800000,0x00000000d5800000,0x00000000d5980000)
 ParOldGen       total 790528K, used 790412K [0x0000000080000000, 0x00000000b0400000, 0x00000000d5580000)
  object space 790528K, 99% used [0x0000000080000000,0x00000000b03e3128,0x00000000b0400000)
 Metaspace       used 66391K, committed 68032K, reserved 1114112K
  class space    used 6723K, committed 7424K, reserved 1048576K
}
Event: 51.977 GC heap before
{Heap before GC invocations=1561 (full 3):
 PSYoungGen      total 1536K, used 1513K [0x00000000d5580000, 0x00000000d5980000, 0x0000000100000000)
  eden space 1024K, 100% used [0x00000000d5580000,0x00000000d5680000,0x00000000d5680000)
  from space 512K, 95% used [0x00000000d5700000,0x00000000d577a4c0,0x00000000d5780000)
  to   space 1536K, 0% used [0x00000000d5800000,0x00000000d5800000,0x00000000d5980000)
 ParOldGen       total 790528K, used 790412K [0x0000000080000000, 0x00000000b0400000, 0x00000000d5580000)
  object space 790528K, 99% used [0x0000000080000000,0x00000000b03e3128,0x00000000b0400000)
 Metaspace       used 66391K, committed 68032K, reserved 1114112K
  class space    used 6723K, committed 7424K, reserved 1048576K
}
Event: 51.981 GC heap after
{Heap after GC invocations=1561 (full 3):
 PSYoungGen      total 2560K, used 1138K [0x00000000d5580000, 0x00000000d5980000, 0x0000000100000000)
  eden space 1024K, 0% used [0x00000000d5580000,0x00000000d5580000,0x00000000d5680000)
  from space 1536K, 74% used [0x00000000d5800000,0x00000000d591c980,0x00000000d5980000)
  to   space 1536K, 0% used [0x00000000d5680000,0x00000000d5680000,0x00000000d5800000)
 ParOldGen       total 791040K, used 790893K [0x0000000080000000, 0x00000000b0480000, 0x00000000d5580000)
  object space 791040K, 99% used [0x0000000080000000,0x00000000b045b5e8,0x00000000b0480000)
 Metaspace       used 66391K, committed 68032K, reserved 1114112K
  class space    used 6723K, committed 7424K, reserved 1048576K
}
Event: 52.015 GC heap before
{Heap before GC invocations=1562 (full 3):
 PSYoungGen      total 2560K, used 2162K [0x00000000d5580000, 0x00000000d5980000, 0x0000000100000000)
  eden space 1024K, 99% used [0x00000000d5580000,0x00000000d567ff50,0x00000000d5680000)
  from space 1536K, 74% used [0x00000000d5800000,0x00000000d591c980,0x00000000d5980000)
  to   space 1536K, 0% used [0x00000000d5680000,0x00000000d5680000,0x00000000d5800000)
 ParOldGen       total 791040K, used 790893K [0x0000000080000000, 0x00000000b0480000, 0x00000000d5580000)
  object space 791040K, 99% used [0x0000000080000000,0x00000000b045b5e8,0x00000000b0480000)
 Metaspace       used 66391K, committed 68032K, reserved 1114112K
  class space    used 6723K, committed 7424K, reserved 1048576K
}
Event: 52.019 GC heap after
{Heap after GC invocations=1562 (full 3):
 PSYoungGen      total 2560K, used 985K [0x00000000d5580000, 0x00000000d5980000, 0x0000000100000000)
  eden space 1024K, 0% used [0x00000000d5580000,0x00000000d5580000,0x00000000d5680000)
  from space 1536K, 64% used [0x00000000d5680000,0x00000000d5776488,0x00000000d5800000)
  to   space 1536K, 0% used [0x00000000d5800000,0x00000000d5800000,0x00000000d5980000)
 ParOldGen       total 792064K, used 791666K [0x0000000080000000, 0x00000000b0580000, 0x00000000d5580000)
  object space 792064K, 99% used [0x0000000080000000,0x00000000b051c980,0x00000000b0580000)
 Metaspace       used 66391K, committed 68032K, reserved 1114112K
  class space    used 6723K, committed 7424K, reserved 1048576K
}
Event: 52.033 GC heap before
{Heap before GC invocations=1563 (full 3):
 PSYoungGen      total 2560K, used 2009K [0x00000000d5580000, 0x00000000d5980000, 0x0000000100000000)
  eden space 1024K, 100% used [0x00000000d5580000,0x00000000d5680000,0x00000000d5680000)
  from space 1536K, 64% used [0x00000000d5680000,0x00000000d5776488,0x00000000d5800000)
  to   space 1536K, 0% used [0x00000000d5800000,0x00000000d5800000,0x00000000d5980000)
 ParOldGen       total 792064K, used 791666K [0x0000000080000000, 0x00000000b0580000, 0x00000000d5580000)
  object space 792064K, 99% used [0x0000000080000000,0x00000000b051c980,0x00000000b0580000)
 Metaspace       used 66391K, committed 68032K, reserved 1114112K
  class space    used 6723K, committed 7424K, reserved 1048576K
}
Event: 52.036 GC heap after
{Heap after GC invocations=1563 (full 3):
 PSYoungGen      total 1536K, used 412K [0x00000000d5580000, 0x00000000d5880000, 0x0000000100000000)
  eden space 1024K, 0% used [0x00000000d5580000,0x00000000d5580000,0x00000000d5680000)
  from space 512K, 80% used [0x00000000d5800000,0x00000000d58673e0,0x00000000d5880000)
  to   space 1024K, 0% used [0x00000000d5680000,0x00000000d5680000,0x00000000d5780000)
 ParOldGen       total 792576K, used 792526K [0x0000000080000000, 0x00000000b0600000, 0x00000000d5580000)
  object space 792576K, 99% used [0x0000000080000000,0x00000000b05f3820,0x00000000b0600000)
 Metaspace       used 66391K, committed 68032K, reserved 1114112K
  class space    used 6723K, committed 7424K, reserved 1048576K
}
Event: 52.069 GC heap before
{Heap before GC invocations=1564 (full 3):
 PSYoungGen      total 1536K, used 1436K [0x00000000d5580000, 0x00000000d5880000, 0x0000000100000000)
  eden space 1024K, 100% used [0x00000000d5580000,0x00000000d5680000,0x00000000d5680000)
  from space 512K, 80% used [0x00000000d5800000,0x00000000d58673e0,0x00000000d5880000)
  to   space 1024K, 0% used [0x00000000d5680000,0x00000000d5680000,0x00000000d5780000)
 ParOldGen       total 792576K, used 792526K [0x0000000080000000, 0x00000000b0600000, 0x00000000d5580000)
  object space 792576K, 99% used [0x0000000080000000,0x00000000b05f3820,0x00000000b0600000)
 Metaspace       used 66391K, committed 68032K, reserved 1114112K
  class space    used 6723K, committed 7424K, reserved 1048576K
}
Event: 52.072 GC heap after
{Heap after GC invocations=1564 (full 3):
 PSYoungGen      total 2048K, used 384K [0x00000000d5580000, 0x00000000d5880000, 0x0000000100000000)
  eden space 1024K, 0% used [0x00000000d5580000,0x00000000d5580000,0x00000000d5680000)
  from space 1024K, 37% used [0x00000000d5680000,0x00000000d56e0000,0x00000000d5780000)
  to   space 512K, 0% used [0x00000000d5800000,0x00000000d5800000,0x00000000d5880000)
 ParOldGen       total 793088K, used 792867K [0x0000000080000000, 0x00000000b0680000, 0x00000000d5580000)
  object space 793088K, 99% used [0x0000000080000000,0x00000000b0648c00,0x00000000b0680000)
 Metaspace       used 66391K, committed 68032K, reserved 1114112K
  class space    used 6723K, committed 7424K, reserved 1048576K
}
Event: 52.096 GC heap before
{Heap before GC invocations=1565 (full 3):
 PSYoungGen      total 2048K, used 1408K [0x00000000d5580000, 0x00000000d5880000, 0x0000000100000000)
  eden space 1024K, 100% used [0x00000000d5580000,0x00000000d5680000,0x00000000d5680000)
  from space 1024K, 37% used [0x00000000d5680000,0x00000000d56e0000,0x00000000d5780000)
  to   space 512K, 0% used [0x00000000d5800000,0x00000000d5800000,0x00000000d5880000)
 ParOldGen       total 793088K, used 792867K [0x0000000080000000, 0x00000000b0680000, 0x00000000d5580000)
  object space 793088K, 99% used [0x0000000080000000,0x00000000b0648c00,0x00000000b0680000)
 Metaspace       used 66392K, committed 68032K, reserved 1114112K
  class space    used 6723K, committed 7424K, reserved 1048576K
}
Event: 52.099 GC heap after
{Heap after GC invocations=1565 (full 3):
 PSYoungGen      total 1536K, used 416K [0x00000000d5580000, 0x00000000d5880000, 0x0000000100000000)
  eden space 1024K, 0% used [0x00000000d5580000,0x00000000d5580000,0x00000000d5680000)
  from space 512K, 81% used [0x00000000d5800000,0x00000000d5868000,0x00000000d5880000)
  to   space 512K, 0% used [0x00000000d5780000,0x00000000d5780000,0x00000000d5800000)
 ParOldGen       total 793600K, used 793156K [0x0000000080000000, 0x00000000b0700000, 0x00000000d5580000)
  object space 793600K, 99% used [0x0000000080000000,0x00000000b0691010,0x00000000b0700000)
 Metaspace       used 66392K, committed 68032K, reserved 1114112K
  class space    used 6723K, committed 7424K, reserved 1048576K
}
Event: 52.113 GC heap before
{Heap before GC invocations=1566 (full 3):
 PSYoungGen      total 1536K, used 1440K [0x00000000d5580000, 0x00000000d5880000, 0x0000000100000000)
  eden space 1024K, 100% used [0x00000000d5580000,0x00000000d5680000,0x00000000d5680000)
  from space 512K, 81% used [0x00000000d5800000,0x00000000d5868000,0x00000000d5880000)
  to   space 512K, 0% used [0x00000000d5780000,0x00000000d5780000,0x00000000d5800000)
 ParOldGen       total 793600K, used 793156K [0x0000000080000000, 0x00000000b0700000, 0x00000000d5580000)
  object space 793600K, 99% used [0x0000000080000000,0x00000000b0691010,0x00000000b0700000)
 Metaspace       used 66392K, committed 68032K, reserved 1114112K
  class space    used 6723K, committed 7424K, reserved 1048576K
}
Event: 52.116 GC heap after
{Heap after GC invocations=1566 (full 3):
 PSYoungGen      total 1536K, used 434K [0x00000000d5580000, 0x00000000d5880000, 0x0000000100000000)
  eden space 1024K, 0% used [0x00000000d5580000,0x00000000d5580000,0x00000000d5680000)
  from space 512K, 84% used [0x00000000d5780000,0x00000000d57ec808,0x00000000d5800000)
  to   space 512K, 0% used [0x00000000d5800000,0x00000000d5800000,0x00000000d5880000)
 ParOldGen       total 793600K, used 793437K [0x0000000080000000, 0x00000000b0700000, 0x00000000d5580000)
  object space 793600K, 99% used [0x0000000080000000,0x00000000b06d7418,0x00000000b0700000)
 Metaspace       used 66392K, committed 68032K, reserved 1114112K
  class space    used 6723K, committed 7424K, reserved 1048576K
}
Event: 52.396 GC heap before
{Heap before GC invocations=1567 (full 3):
 PSYoungGen      total 1536K, used 1447K [0x00000000d5580000, 0x00000000d5880000, 0x0000000100000000)
  eden space 1024K, 99% used [0x00000000d5580000,0x00000000d567d7a0,0x00000000d5680000)
  from space 512K, 84% used [0x00000000d5780000,0x00000000d57ec808,0x00000000d5800000)
  to   space 512K, 0% used [0x00000000d5800000,0x00000000d5800000,0x00000000d5880000)
 ParOldGen       total 793600K, used 793437K [0x0000000080000000, 0x00000000b0700000, 0x00000000d5580000)
  object space 793600K, 99% used [0x0000000080000000,0x00000000b06d7418,0x00000000b0700000)
 Metaspace       used 66405K, committed 68032K, reserved 1114112K
  class space    used 6724K, committed 7424K, reserved 1048576K
}
Event: 52.401 GC heap after
{Heap after GC invocations=1567 (full 3):
 PSYoungGen      total 1536K, used 401K [0x00000000d5580000, 0x00000000d5880000, 0x0000000100000000)
  eden space 1024K, 0% used [0x00000000d5580000,0x00000000d5580000,0x00000000d5680000)
  from space 512K, 78% used [0x00000000d5800000,0x00000000d5864748,0x00000000d5880000)
  to   space 512K, 0% used [0x00000000d5780000,0x00000000d5780000,0x00000000d5800000)
 ParOldGen       total 794112K, used 793765K [0x0000000080000000, 0x00000000b0780000, 0x00000000d5580000)
  object space 794112K, 99% used [0x0000000080000000,0x00000000b07297c0,0x00000000b0780000)
 Metaspace       used 66405K, committed 68032K, reserved 1114112K
  class space    used 6724K, committed 7424K, reserved 1048576K
}

