# JRE version: OpenJDK Runtime Environment Temurin-21.0.7+6 (21.0.7+6) (build 21.0.7+6-LTS)
# Java VM: OpenJDK 64-Bit Server VM Temurin-21.0.7+6 (21.0.7+6-LTS, mixed mode, sharing, tiered, compressed oops, compressed class ptrs, parallel gc, windows-amd64)
GC Precious Log:
 CardTable entry size: 512
 CPUs: 8 total, 8 available
 Memory: 3889M
 Large Page Support: Disabled
 NUMA Support: Disabled
 Compressed Oops: Enabled (32-bit)
 Alignments: Space 512K, Generation 512K, Heap 2M
 Heap Min Capacity: 100M
 Heap Initial Capacity: 100M
 Heap Max Capacity: 2G
 Pre-touch: Disabled
 Parallel Workers: 8
Heap:
 PSYoungGen      total 7680K, used 2798K [0x00000000d5580000, 0x00000000d6100000, 0x0000000100000000)
  eden space 7168K, 34% used [0x00000000d5580000,0x00000000d57ebab8,0x00000000d5c80000)
  from space 512K, 62% used [0x00000000d6080000,0x00000000d60d0020,0x00000000d6100000)
  to   space 512K, 0% used [0x00000000d6000000,0x00000000d6000000,0x00000000d6080000)
 ParOldGen       total 977408K, used 977396K [0x0000000080000000, 0x00000000bba80000, 0x00000000d5580000)
  object space 977408K, 99% used [0x0000000080000000,0x00000000bba7d378,0x00000000bba80000)
 Metaspace       used 77367K, committed 79104K, reserved 1179648K
  class space    used 7826K, committed 8640K, reserved 1048576K
GC Heap History (20 events):
Event: 373.183 GC heap before
{Heap before GC invocations=1536 (full 3):
 PSYoungGen      total 7680K, used 7456K [0x00000000d5580000, 0x00000000d6180000, 0x0000000100000000)
  eden space 7168K, 100% used [0x00000000d5580000,0x00000000d5c80000,0x00000000d5c80000)
  from space 512K, 56% used [0x00000000d6100000,0x00000000d6148010,0x00000000d6180000)
  to   space 1024K, 0% used [0x00000000d5f80000,0x00000000d5f80000,0x00000000d6080000)
 ParOldGen       total 976896K, used 975604K [0x0000000080000000, 0x00000000bba00000, 0x00000000d5580000)
  object space 976896K, 99% used [0x0000000080000000,0x00000000bb8bd220,0x00000000bba00000)
 Metaspace       used 75422K, committed 77120K, reserved 1179648K
  class space    used 7540K, committed 8256K, reserved 1048576K
}
Event: 373.187 GC heap after
{Heap after GC invocations=1536 (full 3):
 PSYoungGen      total 8192K, used 256K [0x00000000d5580000, 0x00000000d6180000, 0x0000000100000000)
  eden space 7168K, 0% used [0x00000000d5580000,0x00000000d5580000,0x00000000d5c80000)
  from space 1024K, 25% used [0x00000000d5f80000,0x00000000d5fc0000,0x00000000d6080000)
  to   space 512K, 0% used [0x00000000d6100000,0x00000000d6100000,0x00000000d6180000)
 ParOldGen       total 976896K, used 975644K [0x0000000080000000, 0x00000000bba00000, 0x00000000d5580000)
  object space 976896K, 99% used [0x0000000080000000,0x00000000bb8c7220,0x00000000bba00000)
 Metaspace       used 75422K, committed 77120K, reserved 1179648K
  class space    used 7540K, committed 8256K, reserved 1048576K
}
Event: 375.539 GC heap before
{Heap before GC invocations=1537 (full 3):
 PSYoungGen      total 8192K, used 7424K [0x00000000d5580000, 0x00000000d6180000, 0x0000000100000000)
  eden space 7168K, 100% used [0x00000000d5580000,0x00000000d5c80000,0x00000000d5c80000)
  from space 1024K, 25% used [0x00000000d5f80000,0x00000000d5fc0000,0x00000000d6080000)
  to   space 512K, 0% used [0x00000000d6100000,0x00000000d6100000,0x00000000d6180000)
 ParOldGen       total 976896K, used 975644K [0x0000000080000000, 0x00000000bba00000, 0x00000000d5580000)
  object space 976896K, 99% used [0x0000000080000000,0x00000000bb8c7220,0x00000000bba00000)
 Metaspace       used 75445K, committed 77184K, reserved 1179648K
  class space    used 7540K, committed 8256K, reserved 1048576K
}
Event: 375.568 GC heap after
{Heap after GC invocations=1537 (full 3):
 PSYoungGen      total 7680K, used 160K [0x00000000d5580000, 0x00000000d6180000, 0x0000000100000000)
  eden space 7168K, 0% used [0x00000000d5580000,0x00000000d5580000,0x00000000d5c80000)
  from space 512K, 31% used [0x00000000d6100000,0x00000000d6128000,0x00000000d6180000)
  to   space 512K, 0% used [0x00000000d6080000,0x00000000d6080000,0x00000000d6100000)
 ParOldGen       total 976896K, used 975740K [0x0000000080000000, 0x00000000bba00000, 0x00000000d5580000)
  object space 976896K, 99% used [0x0000000080000000,0x00000000bb8df220,0x00000000bba00000)
 Metaspace       used 75445K, committed 77184K, reserved 1179648K
  class space    used 7540K, committed 8256K, reserved 1048576K
}
Event: 377.704 GC heap before
{Heap before GC invocations=1538 (full 3):
 PSYoungGen      total 7680K, used 7328K [0x00000000d5580000, 0x00000000d6180000, 0x0000000100000000)
  eden space 7168K, 100% used [0x00000000d5580000,0x00000000d5c80000,0x00000000d5c80000)
  from space 512K, 31% used [0x00000000d6100000,0x00000000d6128000,0x00000000d6180000)
  to   space 512K, 0% used [0x00000000d6080000,0x00000000d6080000,0x00000000d6100000)
 ParOldGen       total 976896K, used 975740K [0x0000000080000000, 0x00000000bba00000, 0x00000000d5580000)
  object space 976896K, 99% used [0x0000000080000000,0x00000000bb8df220,0x00000000bba00000)
 Metaspace       used 75962K, committed 77696K, reserved 1179648K
  class space    used 7636K, committed 8384K, reserved 1048576K
}
Event: 377.716 GC heap after
{Heap after GC invocations=1538 (full 3):
 PSYoungGen      total 7680K, used 500K [0x00000000d5580000, 0x00000000d6180000, 0x0000000100000000)
  eden space 7168K, 0% used [0x00000000d5580000,0x00000000d5580000,0x00000000d5c80000)
  from space 512K, 97% used [0x00000000d6080000,0x00000000d60fd200,0x00000000d6100000)
  to   space 512K, 0% used [0x00000000d6100000,0x00000000d6100000,0x00000000d6180000)
 ParOldGen       total 976896K, used 975756K [0x0000000080000000, 0x00000000bba00000, 0x00000000d5580000)
  object space 976896K, 99% used [0x0000000080000000,0x00000000bb8e3220,0x00000000bba00000)
 Metaspace       used 75962K, committed 77696K, reserved 1179648K
  class space    used 7636K, committed 8384K, reserved 1048576K
}
Event: 377.929 GC heap before
{Heap before GC invocations=1539 (full 3):
 PSYoungGen      total 7680K, used 7668K [0x00000000d5580000, 0x00000000d6180000, 0x0000000100000000)
  eden space 7168K, 100% used [0x00000000d5580000,0x00000000d5c80000,0x00000000d5c80000)
  from space 512K, 97% used [0x00000000d6080000,0x00000000d60fd200,0x00000000d6100000)
  to   space 512K, 0% used [0x00000000d6100000,0x00000000d6100000,0x00000000d6180000)
 ParOldGen       total 976896K, used 975756K [0x0000000080000000, 0x00000000bba00000, 0x00000000d5580000)
  object space 976896K, 99% used [0x0000000080000000,0x00000000bb8e3220,0x00000000bba00000)
 Metaspace       used 76240K, committed 78016K, reserved 1179648K
  class space    used 7680K, committed 8448K, reserved 1048576K
}
Event: 377.935 GC heap after
{Heap after GC invocations=1539 (full 3):
 PSYoungGen      total 7680K, used 288K [0x00000000d5580000, 0x00000000d6180000, 0x0000000100000000)
  eden space 7168K, 0% used [0x00000000d5580000,0x00000000d5580000,0x00000000d5c80000)
  from space 512K, 56% used [0x00000000d6100000,0x00000000d6148000,0x00000000d6180000)
  to   space 512K, 0% used [0x00000000d6080000,0x00000000d6080000,0x00000000d6100000)
 ParOldGen       total 976896K, used 975842K [0x0000000080000000, 0x00000000bba00000, 0x00000000d5580000)
  object space 976896K, 99% used [0x0000000080000000,0x00000000bb8f8b28,0x00000000bba00000)
 Metaspace       used 76240K, committed 78016K, reserved 1179648K
  class space    used 7680K, committed 8448K, reserved 1048576K
}
Event: 377.983 GC heap before
{Heap before GC invocations=1540 (full 3):
 PSYoungGen      total 7680K, used 1100K [0x00000000d5580000, 0x00000000d6180000, 0x0000000100000000)
  eden space 7168K, 11% used [0x00000000d5580000,0x00000000d564b248,0x00000000d5c80000)
  from space 512K, 56% used [0x00000000d6100000,0x00000000d6148000,0x00000000d6180000)
  to   space 512K, 0% used [0x00000000d6080000,0x00000000d6080000,0x00000000d6100000)
 ParOldGen       total 976896K, used 975842K [0x0000000080000000, 0x00000000bba00000, 0x00000000d5580000)
  object space 976896K, 99% used [0x0000000080000000,0x00000000bb8f8b28,0x00000000bba00000)
 Metaspace       used 76351K, committed 78144K, reserved 1179648K
  class space    used 7687K, committed 8448K, reserved 1048576K
}
Event: 377.990 GC heap after
{Heap after GC invocations=1540 (full 3):
 PSYoungGen      total 7680K, used 228K [0x00000000d5580000, 0x00000000d6180000, 0x0000000100000000)
  eden space 7168K, 0% used [0x00000000d5580000,0x00000000d5580000,0x00000000d5c80000)
  from space 512K, 44% used [0x00000000d6080000,0x00000000d60b9328,0x00000000d6100000)
  to   space 512K, 0% used [0x00000000d6100000,0x00000000d6100000,0x00000000d6180000)
 ParOldGen       total 976896K, used 975948K [0x0000000080000000, 0x00000000bba00000, 0x00000000d5580000)
  object space 976896K, 99% used [0x0000000080000000,0x00000000bb913248,0x00000000bba00000)
 Metaspace       used 76351K, committed 78144K, reserved 1179648K
  class space    used 7687K, committed 8448K, reserved 1048576K
}
Event: 378.638 GC heap before
{Heap before GC invocations=1541 (full 3):
 PSYoungGen      total 7680K, used 7396K [0x00000000d5580000, 0x00000000d6180000, 0x0000000100000000)
  eden space 7168K, 100% used [0x00000000d5580000,0x00000000d5c80000,0x00000000d5c80000)
  from space 512K, 44% used [0x00000000d6080000,0x00000000d60b9328,0x00000000d6100000)
  to   space 512K, 0% used [0x00000000d6100000,0x00000000d6100000,0x00000000d6180000)
 ParOldGen       total 976896K, used 975948K [0x0000000080000000, 0x00000000bba00000, 0x00000000d5580000)
  object space 976896K, 99% used [0x0000000080000000,0x00000000bb913248,0x00000000bba00000)
 Metaspace       used 77051K, committed 78848K, reserved 1179648K
  class space    used 7804K, committed 8576K, reserved 1048576K
}
Event: 378.651 GC heap after
{Heap after GC invocations=1541 (full 3):
 PSYoungGen      total 7680K, used 506K [0x00000000d5580000, 0x00000000d6180000, 0x0000000100000000)
  eden space 7168K, 0% used [0x00000000d5580000,0x00000000d5580000,0x00000000d5c80000)
  from space 512K, 98% used [0x00000000d6100000,0x00000000d617e900,0x00000000d6180000)
  to   space 1024K, 0% used [0x00000000d5f80000,0x00000000d5f80000,0x00000000d6080000)
 ParOldGen       total 976896K, used 976150K [0x0000000080000000, 0x00000000bba00000, 0x00000000d5580000)
  object space 976896K, 99% used [0x0000000080000000,0x00000000bb945b58,0x00000000bba00000)
 Metaspace       used 77051K, committed 78848K, reserved 1179648K
  class space    used 7804K, committed 8576K, reserved 1048576K
}
Event: 378.810 GC heap before
{Heap before GC invocations=1542 (full 3):
 PSYoungGen      total 7680K, used 7674K [0x00000000d5580000, 0x00000000d6180000, 0x0000000100000000)
  eden space 7168K, 100% used [0x00000000d5580000,0x00000000d5c80000,0x00000000d5c80000)
  from space 512K, 98% used [0x00000000d6100000,0x00000000d617e900,0x00000000d6180000)
  to   space 1024K, 0% used [0x00000000d5f80000,0x00000000d5f80000,0x00000000d6080000)
 ParOldGen       total 976896K, used 976150K [0x0000000080000000, 0x00000000bba00000, 0x00000000d5580000)
  object space 976896K, 99% used [0x0000000080000000,0x00000000bb945b58,0x00000000bba00000)
 Metaspace       used 77111K, committed 78912K, reserved 1179648K
  class space    used 7804K, committed 8576K, reserved 1048576K
}
Event: 378.816 GC heap after
{Heap after GC invocations=1542 (full 3):
 PSYoungGen      total 8192K, used 1012K [0x00000000d5580000, 0x00000000d6180000, 0x0000000100000000)
  eden space 7168K, 0% used [0x00000000d5580000,0x00000000d5580000,0x00000000d5c80000)
  from space 1024K, 98% used [0x00000000d5f80000,0x00000000d607d200,0x00000000d6080000)
  to   space 1024K, 0% used [0x00000000d6080000,0x00000000d6080000,0x00000000d6180000)
 ParOldGen       total 976896K, used 976610K [0x0000000080000000, 0x00000000bba00000, 0x00000000d5580000)
  object space 976896K, 99% used [0x0000000080000000,0x00000000bb9b8bc8,0x00000000bba00000)
 Metaspace       used 77111K, committed 78912K, reserved 1179648K
  class space    used 7804K, committed 8576K, reserved 1048576K
}
Event: 379.041 GC heap before
{Heap before GC invocations=1543 (full 3):
 PSYoungGen      total 8192K, used 8180K [0x00000000d5580000, 0x00000000d6180000, 0x0000000100000000)
  eden space 7168K, 100% used [0x00000000d5580000,0x00000000d5c80000,0x00000000d5c80000)
  from space 1024K, 98% used [0x00000000d5f80000,0x00000000d607d200,0x00000000d6080000)
  to   space 1024K, 0% used [0x00000000d6080000,0x00000000d6080000,0x00000000d6180000)
 ParOldGen       total 976896K, used 976610K [0x0000000080000000, 0x00000000bba00000, 0x00000000d5580000)
  object space 976896K, 99% used [0x0000000080000000,0x00000000bb9b8bc8,0x00000000bba00000)
 Metaspace       used 77231K, committed 79040K, reserved 1179648K
  class space    used 7821K, committed 8640K, reserved 1048576K
}
Event: 379.046 GC heap after
{Heap after GC invocations=1543 (full 3):
 PSYoungGen      total 7680K, used 256K [0x00000000d5580000, 0x00000000d6100000, 0x0000000100000000)
  eden space 7168K, 0% used [0x00000000d5580000,0x00000000d5580000,0x00000000d5c80000)
  from space 512K, 50% used [0x00000000d6080000,0x00000000d60c0000,0x00000000d6100000)
  to   space 1024K, 0% used [0x00000000d5f00000,0x00000000d5f00000,0x00000000d6000000)
 ParOldGen       total 977408K, used 977204K [0x0000000080000000, 0x00000000bba80000, 0x00000000d5580000)
  object space 977408K, 99% used [0x0000000080000000,0x00000000bba4d378,0x00000000bba80000)
 Metaspace       used 77231K, committed 79040K, reserved 1179648K
  class space    used 7821K, committed 8640K, reserved 1048576K
}
Event: 612.860 GC heap before
{Heap before GC invocations=1544 (full 3):
 PSYoungGen      total 7680K, used 7424K [0x00000000d5580000, 0x00000000d6100000, 0x0000000100000000)
  eden space 7168K, 100% used [0x00000000d5580000,0x00000000d5c80000,0x00000000d5c80000)
  from space 512K, 50% used [0x00000000d6080000,0x00000000d60c0000,0x00000000d6100000)
  to   space 1024K, 0% used [0x00000000d5f00000,0x00000000d5f00000,0x00000000d6000000)
 ParOldGen       total 977408K, used 977204K [0x0000000080000000, 0x00000000bba80000, 0x00000000d5580000)
  object space 977408K, 99% used [0x0000000080000000,0x00000000bba4d378,0x00000000bba80000)
 Metaspace       used 77283K, committed 79104K, reserved 1179648K
  class space    used 7823K, committed 8640K, reserved 1048576K
}
Event: 613.246 GC heap after
{Heap after GC invocations=1544 (full 3):
 PSYoungGen      total 8192K, used 400K [0x00000000d5580000, 0x00000000d6100000, 0x0000000100000000)
  eden space 7168K, 0% used [0x00000000d5580000,0x00000000d5580000,0x00000000d5c80000)
  from space 1024K, 39% used [0x00000000d5f00000,0x00000000d5f64010,0x00000000d6000000)
  to   space 512K, 0% used [0x00000000d6080000,0x00000000d6080000,0x00000000d6100000)
 ParOldGen       total 977408K, used 977324K [0x0000000080000000, 0x00000000bba80000, 0x00000000d5580000)
  object space 977408K, 99% used [0x0000000080000000,0x00000000bba6b378,0x00000000bba80000)
 Metaspace       used 77283K, committed 79104K, reserved 1179648K
  class space    used 7823K, committed 8640K, reserved 1048576K
}
Event: 2035.063 GC heap before
{Heap before GC invocations=1545 (full 3):
 PSYoungGen      total 8192K, used 7568K [0x00000000d5580000, 0x00000000d6100000, 0x0000000100000000)
  eden space 7168K, 100% used [0x00000000d5580000,0x00000000d5c80000,0x00000000d5c80000)
  from space 1024K, 39% used [0x00000000d5f00000,0x00000000d5f64010,0x00000000d6000000)
  to   space 512K, 0% used [0x00000000d6080000,0x00000000d6080000,0x00000000d6100000)
 ParOldGen       total 977408K, used 977324K [0x0000000080000000, 0x00000000bba80000, 0x00000000d5580000)
  object space 977408K, 99% used [0x0000000080000000,0x00000000bba6b378,0x00000000bba80000)
 Metaspace       used 77357K, committed 79104K, reserved 1179648K
  class space    used 7826K, committed 8640K, reserved 1048576K
}
Event: 2035.385 GC heap after
{Heap after GC invocations=1545 (full 3):
 PSYoungGen      total 7680K, used 320K [0x00000000d5580000, 0x00000000d6100000, 0x0000000100000000)
  eden space 7168K, 0% used [0x00000000d5580000,0x00000000d5580000,0x00000000d5c80000)
  from space 512K, 62% used [0x00000000d6080000,0x00000000d60d0020,0x00000000d6100000)
  to   space 512K, 0% used [0x00000000d6000000,0x00000000d6000000,0x00000000d6080000)
 ParOldGen       total 977408K, used 977396K [0x0000000080000000, 0x00000000bba80000, 0x00000000d5580000)
  object space 977408K, 99% used [0x0000000080000000,0x00000000bba7d378,0x00000000bba80000)
 Metaspace       used 77357K, committed 79104K, reserved 1179648K
  class space    used 7826K, committed 8640K, reserved 1048576K
}

