# JRE version: OpenJDK Runtime Environment Temurin-21.0.7+6 (21.0.7+6) (build 21.0.7+6-LTS)
# Java VM: OpenJDK 64-Bit Server VM Temurin-21.0.7+6 (21.0.7+6-LTS, mixed mode, sharing, tiered, compressed oops, compressed class ptrs, parallel gc, windows-amd64)
GC Precious Log:
 CardTable entry size: 512
 CPUs: 8 total, 8 available
 Memory: 3889M
 Large Page Support: Disabled
 NUMA Support: Disabled
 Compressed Oops: Enabled (32-bit)
 Alignments: Space 512K, Generation 512K, Heap 2M
 Heap Min Capacity: 100M
 Heap Initial Capacity: 100M
 Heap Max Capacity: 2G
 Pre-touch: Disabled
 Parallel Workers: 8
Heap:
 PSYoungGen      total 9728K, used 7161K [0x00000000d5580000, 0x00000000d6c80000, 0x0000000100000000)
  eden space 8192K, 68% used [0x00000000d5580000,0x00000000d5b01018,0x00000000d5d80000)
  from space 1536K, 99% used [0x00000000d6180000,0x00000000d62fd7b8,0x00000000d6300000)
  to   space 7680K, 0% used [0x00000000d6500000,0x00000000d6500000,0x00000000d6c80000)
 ParOldGen       total 762880K, used 762722K [0x0000000080000000, 0x00000000ae900000, 0x00000000d5580000)
  object space 762880K, 99% used [0x0000000080000000,0x00000000ae8d8a88,0x00000000ae900000)
 Metaspace       used 73846K, committed 75456K, reserved 1179648K
  class space    used 7621K, committed 8320K, reserved 1048576K
GC Heap History (20 events):
Event: 52.159 GC heap before
{Heap before GC invocations=967 (full 3):
 PSYoungGen      total 10240K, used 10224K [0x00000000d5580000, 0x00000000d6480000, 0x0000000100000000)
  eden space 8192K, 100% used [0x00000000d5580000,0x00000000d5d80000,0x00000000d5d80000)
  from space 2048K, 99% used [0x00000000d5f00000,0x00000000d60fc010,0x00000000d6100000)
  to   space 3584K, 0% used [0x00000000d6100000,0x00000000d6100000,0x00000000d6480000)
 ParOldGen       total 738304K, used 737813K [0x0000000080000000, 0x00000000ad100000, 0x00000000d5580000)
  object space 738304K, 99% used [0x0000000080000000,0x00000000ad085528,0x00000000ad100000)
 Metaspace       used 72739K, committed 74240K, reserved 1179648K
  class space    used 7496K, committed 8128K, reserved 1048576K
}
Event: 52.164 GC heap after
{Heap after GC invocations=967 (full 3):
 PSYoungGen      total 10752K, used 2176K [0x00000000d5580000, 0x00000000d6380000, 0x0000000100000000)
  eden space 8192K, 0% used [0x00000000d5580000,0x00000000d5580000,0x00000000d5d80000)
  from space 2560K, 85% used [0x00000000d6100000,0x00000000d6320020,0x00000000d6380000)
  to   space 2560K, 0% used [0x00000000d5e80000,0x00000000d5e80000,0x00000000d6100000)
 ParOldGen       total 739840K, used 739733K [0x0000000080000000, 0x00000000ad280000, 0x00000000d5580000)
  object space 739840K, 99% used [0x0000000080000000,0x00000000ad265690,0x00000000ad280000)
 Metaspace       used 72739K, committed 74240K, reserved 1179648K
  class space    used 7496K, committed 8128K, reserved 1048576K
}
Event: 52.189 GC heap before
{Heap before GC invocations=968 (full 3):
 PSYoungGen      total 10752K, used 10368K [0x00000000d5580000, 0x00000000d6380000, 0x0000000100000000)
  eden space 8192K, 100% used [0x00000000d5580000,0x00000000d5d80000,0x00000000d5d80000)
  from space 2560K, 85% used [0x00000000d6100000,0x00000000d6320020,0x00000000d6380000)
  to   space 2560K, 0% used [0x00000000d5e80000,0x00000000d5e80000,0x00000000d6100000)
 ParOldGen       total 739840K, used 739733K [0x0000000080000000, 0x00000000ad280000, 0x00000000d5580000)
  object space 739840K, 99% used [0x0000000080000000,0x00000000ad265690,0x00000000ad280000)
 Metaspace       used 72759K, committed 74240K, reserved 1179648K
  class space    used 7496K, committed 8128K, reserved 1048576K
}
Event: 52.194 GC heap after
{Heap after GC invocations=968 (full 3):
 PSYoungGen      total 10240K, used 1616K [0x00000000d5580000, 0x00000000d6180000, 0x0000000100000000)
  eden space 8192K, 0% used [0x00000000d5580000,0x00000000d5580000,0x00000000d5d80000)
  from space 2048K, 78% used [0x00000000d5e80000,0x00000000d6014030,0x00000000d6080000)
  to   space 1024K, 0% used [0x00000000d6080000,0x00000000d6080000,0x00000000d6180000)
 ParOldGen       total 741888K, used 741805K [0x0000000080000000, 0x00000000ad480000, 0x00000000d5580000)
  object space 741888K, 99% used [0x0000000080000000,0x00000000ad46b7c8,0x00000000ad480000)
 Metaspace       used 72759K, committed 74240K, reserved 1179648K
  class space    used 7496K, committed 8128K, reserved 1048576K
}
Event: 52.220 GC heap before
{Heap before GC invocations=969 (full 3):
 PSYoungGen      total 10240K, used 9808K [0x00000000d5580000, 0x00000000d6180000, 0x0000000100000000)
  eden space 8192K, 100% used [0x00000000d5580000,0x00000000d5d80000,0x00000000d5d80000)
  from space 2048K, 78% used [0x00000000d5e80000,0x00000000d6014030,0x00000000d6080000)
  to   space 1024K, 0% used [0x00000000d6080000,0x00000000d6080000,0x00000000d6180000)
 ParOldGen       total 741888K, used 741805K [0x0000000080000000, 0x00000000ad480000, 0x00000000d5580000)
  object space 741888K, 99% used [0x0000000080000000,0x00000000ad46b7c8,0x00000000ad480000)
 Metaspace       used 72794K, committed 74304K, reserved 1179648K
  class space    used 7496K, committed 8128K, reserved 1048576K
}
Event: 52.223 GC heap after
{Heap after GC invocations=969 (full 3):
 PSYoungGen      total 9216K, used 816K [0x00000000d5580000, 0x00000000d6180000, 0x0000000100000000)
  eden space 8192K, 0% used [0x00000000d5580000,0x00000000d5580000,0x00000000d5d80000)
  from space 1024K, 79% used [0x00000000d6080000,0x00000000d614c010,0x00000000d6180000)
  to   space 1536K, 0% used [0x00000000d5e80000,0x00000000d5e80000,0x00000000d6000000)
 ParOldGen       total 742912K, used 742486K [0x0000000080000000, 0x00000000ad580000, 0x00000000d5580000)
  object space 742912K, 99% used [0x0000000080000000,0x00000000ad515808,0x00000000ad580000)
 Metaspace       used 72794K, committed 74304K, reserved 1179648K
  class space    used 7496K, committed 8128K, reserved 1048576K
}
Event: 52.249 GC heap before
{Heap before GC invocations=970 (full 3):
 PSYoungGen      total 9216K, used 9008K [0x00000000d5580000, 0x00000000d6180000, 0x0000000100000000)
  eden space 8192K, 100% used [0x00000000d5580000,0x00000000d5d80000,0x00000000d5d80000)
  from space 1024K, 79% used [0x00000000d6080000,0x00000000d614c010,0x00000000d6180000)
  to   space 1536K, 0% used [0x00000000d5e80000,0x00000000d5e80000,0x00000000d6000000)
 ParOldGen       total 742912K, used 742486K [0x0000000080000000, 0x00000000ad580000, 0x00000000d5580000)
  object space 742912K, 99% used [0x0000000080000000,0x00000000ad515808,0x00000000ad580000)
 Metaspace       used 72825K, committed 74368K, reserved 1179648K
  class space    used 7496K, committed 8128K, reserved 1048576K
}
Event: 52.252 GC heap after
{Heap after GC invocations=970 (full 3):
 PSYoungGen      total 9728K, used 1504K [0x00000000d5580000, 0x00000000d6380000, 0x0000000100000000)
  eden space 8192K, 0% used [0x00000000d5580000,0x00000000d5580000,0x00000000d5d80000)
  from space 1536K, 97% used [0x00000000d5e80000,0x00000000d5ff8020,0x00000000d6000000)
  to   space 3072K, 0% used [0x00000000d6080000,0x00000000d6080000,0x00000000d6380000)
 ParOldGen       total 743424K, used 743340K [0x0000000080000000, 0x00000000ad600000, 0x00000000d5580000)
  object space 743424K, 99% used [0x0000000080000000,0x00000000ad5eb250,0x00000000ad600000)
 Metaspace       used 72825K, committed 74368K, reserved 1179648K
  class space    used 7496K, committed 8128K, reserved 1048576K
}
Event: 52.279 GC heap before
{Heap before GC invocations=971 (full 3):
 PSYoungGen      total 9728K, used 9696K [0x00000000d5580000, 0x00000000d6380000, 0x0000000100000000)
  eden space 8192K, 100% used [0x00000000d5580000,0x00000000d5d80000,0x00000000d5d80000)
  from space 1536K, 97% used [0x00000000d5e80000,0x00000000d5ff8020,0x00000000d6000000)
  to   space 3072K, 0% used [0x00000000d6080000,0x00000000d6080000,0x00000000d6380000)
 ParOldGen       total 743424K, used 743340K [0x0000000080000000, 0x00000000ad600000, 0x00000000d5580000)
  object space 743424K, 99% used [0x0000000080000000,0x00000000ad5eb250,0x00000000ad600000)
 Metaspace       used 72849K, committed 74368K, reserved 1179648K
  class space    used 7496K, committed 8128K, reserved 1048576K
}
Event: 52.283 GC heap after
{Heap after GC invocations=971 (full 3):
 PSYoungGen      total 10752K, used 2144K [0x00000000d5580000, 0x00000000d6300000, 0x0000000100000000)
  eden space 8192K, 0% used [0x00000000d5580000,0x00000000d5580000,0x00000000d5d80000)
  from space 2560K, 83% used [0x00000000d6080000,0x00000000d6298198,0x00000000d6300000)
  to   space 2560K, 0% used [0x00000000d5e00000,0x00000000d5e00000,0x00000000d6080000)
 ParOldGen       total 744960K, used 744844K [0x0000000080000000, 0x00000000ad780000, 0x00000000d5580000)
  object space 744960K, 99% used [0x0000000080000000,0x00000000ad763290,0x00000000ad780000)
 Metaspace       used 72849K, committed 74368K, reserved 1179648K
  class space    used 7496K, committed 8128K, reserved 1048576K
}
Event: 52.332 GC heap before
{Heap before GC invocations=972 (full 3):
 PSYoungGen      total 10752K, used 10336K [0x00000000d5580000, 0x00000000d6300000, 0x0000000100000000)
  eden space 8192K, 100% used [0x00000000d5580000,0x00000000d5d80000,0x00000000d5d80000)
  from space 2560K, 83% used [0x00000000d6080000,0x00000000d6298198,0x00000000d6300000)
  to   space 2560K, 0% used [0x00000000d5e00000,0x00000000d5e00000,0x00000000d6080000)
 ParOldGen       total 744960K, used 744844K [0x0000000080000000, 0x00000000ad780000, 0x00000000d5580000)
  object space 744960K, 99% used [0x0000000080000000,0x00000000ad763290,0x00000000ad780000)
 Metaspace       used 72875K, committed 74368K, reserved 1179648K
  class space    used 7499K, committed 8128K, reserved 1048576K
}
Event: 52.338 GC heap after
{Heap after GC invocations=972 (full 3):
 PSYoungGen      total 10752K, used 2534K [0x00000000d5580000, 0x00000000d6d80000, 0x0000000100000000)
  eden space 8192K, 0% used [0x00000000d5580000,0x00000000d5580000,0x00000000d5d80000)
  from space 2560K, 99% used [0x00000000d5e00000,0x00000000d6079b28,0x00000000d6080000)
  to   space 8192K, 0% used [0x00000000d6580000,0x00000000d6580000,0x00000000d6d80000)
 ParOldGen       total 749568K, used 749299K [0x0000000080000000, 0x00000000adc00000, 0x00000000d5580000)
  object space 749568K, 99% used [0x0000000080000000,0x00000000adbbccb0,0x00000000adc00000)
 Metaspace       used 72875K, committed 74368K, reserved 1179648K
  class space    used 7499K, committed 8128K, reserved 1048576K
}
Event: 52.517 GC heap before
{Heap before GC invocations=973 (full 3):
 PSYoungGen      total 10752K, used 10726K [0x00000000d5580000, 0x00000000d6d80000, 0x0000000100000000)
  eden space 8192K, 99% used [0x00000000d5580000,0x00000000d5d7fff8,0x00000000d5d80000)
  from space 2560K, 99% used [0x00000000d5e00000,0x00000000d6079b28,0x00000000d6080000)
  to   space 8192K, 0% used [0x00000000d6580000,0x00000000d6580000,0x00000000d6d80000)
 ParOldGen       total 749568K, used 749299K [0x0000000080000000, 0x00000000adc00000, 0x00000000d5580000)
  object space 749568K, 99% used [0x0000000080000000,0x00000000adbbccb0,0x00000000adc00000)
 Metaspace       used 73069K, committed 74624K, reserved 1179648K
  class space    used 7531K, committed 8192K, reserved 1048576K
}
Event: 52.524 GC heap after
{Heap after GC invocations=973 (full 3):
 PSYoungGen      total 13824K, used 5285K [0x00000000d5580000, 0x00000000d6b00000, 0x0000000100000000)
  eden space 8192K, 0% used [0x00000000d5580000,0x00000000d5580000,0x00000000d5d80000)
  from space 5632K, 93% used [0x00000000d6580000,0x00000000d6aa95b0,0x00000000d6b00000)
  to   space 6144K, 0% used [0x00000000d5f00000,0x00000000d5f00000,0x00000000d6500000)
 ParOldGen       total 752128K, used 751865K [0x0000000080000000, 0x00000000ade80000, 0x00000000d5580000)
  object space 752128K, 99% used [0x0000000080000000,0x00000000ade3e438,0x00000000ade80000)
 Metaspace       used 73069K, committed 74624K, reserved 1179648K
  class space    used 7531K, committed 8192K, reserved 1048576K
}
Event: 52.667 GC heap before
{Heap before GC invocations=974 (full 3):
 PSYoungGen      total 13824K, used 13429K [0x00000000d5580000, 0x00000000d6b00000, 0x0000000100000000)
  eden space 8192K, 99% used [0x00000000d5580000,0x00000000d5d74080,0x00000000d5d80000)
  from space 5632K, 93% used [0x00000000d6580000,0x00000000d6aa95b0,0x00000000d6b00000)
  to   space 6144K, 0% used [0x00000000d5f00000,0x00000000d5f00000,0x00000000d6500000)
 ParOldGen       total 752128K, used 751865K [0x0000000080000000, 0x00000000ade80000, 0x00000000d5580000)
  object space 752128K, 99% used [0x0000000080000000,0x00000000ade3e438,0x00000000ade80000)
 Metaspace       used 73175K, committed 74688K, reserved 1179648K
  class space    used 7546K, committed 8192K, reserved 1048576K
}
Event: 52.673 GC heap after
{Heap after GC invocations=974 (full 3):
 PSYoungGen      total 9216K, used 839K [0x00000000d5580000, 0x00000000d6600000, 0x0000000100000000)
  eden space 8192K, 0% used [0x00000000d5580000,0x00000000d5580000,0x00000000d5d80000)
  from space 1024K, 82% used [0x00000000d5f00000,0x00000000d5fd1fd0,0x00000000d6000000)
  to   space 3072K, 0% used [0x00000000d6300000,0x00000000d6300000,0x00000000d6600000)
 ParOldGen       total 757248K, used 756999K [0x0000000080000000, 0x00000000ae380000, 0x00000000d5580000)
  object space 757248K, 99% used [0x0000000080000000,0x00000000ae341de0,0x00000000ae380000)
 Metaspace       used 73175K, committed 74688K, reserved 1179648K
  class space    used 7546K, committed 8192K, reserved 1048576K
}
Event: 52.758 GC heap before
{Heap before GC invocations=975 (full 3):
 PSYoungGen      total 9216K, used 8993K [0x00000000d5580000, 0x00000000d6600000, 0x0000000100000000)
  eden space 8192K, 99% used [0x00000000d5580000,0x00000000d5d766b0,0x00000000d5d80000)
  from space 1024K, 82% used [0x00000000d5f00000,0x00000000d5fd1fd0,0x00000000d6000000)
  to   space 3072K, 0% used [0x00000000d6300000,0x00000000d6300000,0x00000000d6600000)
 ParOldGen       total 757248K, used 756999K [0x0000000080000000, 0x00000000ae380000, 0x00000000d5580000)
  object space 757248K, 99% used [0x0000000080000000,0x00000000ae341de0,0x00000000ae380000)
 Metaspace       used 73474K, committed 75072K, reserved 1179648K
  class space    used 7576K, committed 8256K, reserved 1048576K
}
Event: 52.762 GC heap after
{Heap after GC invocations=975 (full 3):
 PSYoungGen      total 9728K, used 1335K [0x00000000d5580000, 0x00000000d6480000, 0x0000000100000000)
  eden space 8192K, 0% used [0x00000000d5580000,0x00000000d5580000,0x00000000d5d80000)
  from space 1536K, 86% used [0x00000000d6300000,0x00000000d644ddc0,0x00000000d6480000)
  to   space 1536K, 0% used [0x00000000d6180000,0x00000000d6180000,0x00000000d6300000)
 ParOldGen       total 757760K, used 757652K [0x0000000080000000, 0x00000000ae400000, 0x00000000d5580000)
  object space 757760K, 99% used [0x0000000080000000,0x00000000ae3e51c8,0x00000000ae400000)
 Metaspace       used 73474K, committed 75072K, reserved 1179648K
  class space    used 7576K, committed 8256K, reserved 1048576K
}
Event: 52.831 GC heap before
{Heap before GC invocations=976 (full 3):
 PSYoungGen      total 9728K, used 9527K [0x00000000d5580000, 0x00000000d6480000, 0x0000000100000000)
  eden space 8192K, 100% used [0x00000000d5580000,0x00000000d5d80000,0x00000000d5d80000)
  from space 1536K, 86% used [0x00000000d6300000,0x00000000d644ddc0,0x00000000d6480000)
  to   space 1536K, 0% used [0x00000000d6180000,0x00000000d6180000,0x00000000d6300000)
 ParOldGen       total 757760K, used 757652K [0x0000000080000000, 0x00000000ae400000, 0x00000000d5580000)
  object space 757760K, 99% used [0x0000000080000000,0x00000000ae3e51c8,0x00000000ae400000)
 Metaspace       used 73543K, committed 75072K, reserved 1179648K
  class space    used 7596K, committed 8256K, reserved 1048576K
}
Event: 52.837 GC heap after
{Heap after GC invocations=976 (full 3):
 PSYoungGen      total 9728K, used 1525K [0x00000000d5580000, 0x00000000d6c80000, 0x0000000100000000)
  eden space 8192K, 0% used [0x00000000d5580000,0x00000000d5580000,0x00000000d5d80000)
  from space 1536K, 99% used [0x00000000d6180000,0x00000000d62fd7b8,0x00000000d6300000)
  to   space 7680K, 0% used [0x00000000d6500000,0x00000000d6500000,0x00000000d6c80000)
 ParOldGen       total 762880K, used 762722K [0x0000000080000000, 0x00000000ae900000, 0x00000000d5580000)
  object space 762880K, 99% used [0x0000000080000000,0x00000000ae8d8a88,0x00000000ae900000)
 Metaspace       used 73543K, committed 75072K, reserved 1179648K
  class space    used 7596K, committed 8256K, reserved 1048576K
}

